04-01-2024 @ 13:17:16 -: Assign-category - 1 
 04-01-2024 @ 13:17:16 -: Category created - Aviacijos mechanikos inžinerija 
 04-01-2024 @ 13:17:17 -: Course created as product - Lėktuvų projektavimas 
 04-01-2024 @ 13:17:17 -: Assign-category - 1 
 04-01-2024 @ 13:17:18 -: Course created as product - Orlaivių funkcinės sistemos 
 04-01-2024 @ 13:17:18 -: Assign-category - 1 
 04-01-2024 @ 13:17:20 -: Course created as product - Lėktuvo aerodinamika 
 04-01-2024 @ 13:17:20 -: Assign-category - 1 
 04-01-2024 @ 13:17:20 -: Course created as product - Aviaciniai prietaisai 
 04-01-2024 @ 13:17:20 -: Assign-category - 1 
 04-01-2024 @ 13:17:21 -: Course created as product - Aviacinės medžiagos 
 04-01-2024 @ 13:17:21 -: Assign-category - 1 
 04-01-2024 @ 13:17:21 -: Course created as product - Taikomoji inžinerinė grafika 
 04-01-2024 @ 13:17:21 -: Assign-category - 1 
 04-01-2024 @ 13:17:21 -: Course created as product - Teorinė mechanika 
 04-01-2024 @ 13:17:21 -: Assign-category - 1 
 04-01-2024 @ 13:17:22 -: Course created as product - Aviacijos raida ir studijų įvadas 
 04-01-2024 @ 13:17:22 -: Assign-category - 1 
 04-01-2024 @ 13:17:24 -: Course created as product - Mechanikos ir termodinamikos pagrindai aviacijos inžinerijoje 
 04-01-2024 @ 13:17:24 -: Assign-category - 1 
 04-01-2024 @ 13:17:25 -: Course created as product - Informacinės technologijos 
 04-01-2024 @ 13:44:30 -: Assign-category - 1 
 04-01-2024 @ 13:44:30 -: Category created - Aviacijos mechanikos inžinerija 
 04-01-2024 @ 13:44:31 -: Course created as product - Lėktuvų projektavimas 
 04-01-2024 @ 13:44:31 -: Assign-category - 1 
 04-01-2024 @ 13:44:32 -: Course created as product - Orlaivių funkcinės sistemos 
 04-01-2024 @ 13:44:32 -: Assign-category - 1 
 04-01-2024 @ 13:44:34 -: Course created as product - Lėktuvo aerodinamika 
 04-01-2024 @ 13:44:34 -: Assign-category - 1 
 04-01-2024 @ 13:44:34 -: Course created as product - Aviaciniai prietaisai 
 04-01-2024 @ 13:44:34 -: Assign-category - 1 
 04-01-2024 @ 13:44:35 -: Course created as product - Aviacinės medžiagos 
 04-01-2024 @ 13:44:35 -: Assign-category - 1 
 04-01-2024 @ 13:44:35 -: Course created as product - Taikomoji inžinerinė grafika 
 04-01-2024 @ 13:44:35 -: Assign-category - 1 
 04-01-2024 @ 13:44:35 -: Course created as product - Teorinė mechanika 
 04-01-2024 @ 13:44:35 -: Assign-category - 1 
 04-01-2024 @ 13:44:36 -: Course created as product - Aviacijos raida ir studijų įvadas 
 04-01-2024 @ 13:44:36 -: Assign-category - 1 
 04-01-2024 @ 13:44:38 -: Course created as product - Mechanikos ir termodinamikos pagrindai aviacijos inžinerijoje 
 04-01-2024 @ 13:44:38 -: Assign-category - 1 
 04-01-2024 @ 13:44:39 -: Course created as product - Informacinės technologijos 
 04-01-2024 @ 14:23:33 -: Assign-category - 1 
 04-01-2024 @ 14:23:33 -: Category created - Aviacijos mechanikos inžinerija 
 04-01-2024 @ 14:23:34 -: Course created as product - Lėktuvų projektavimas 
 04-01-2024 @ 14:23:34 -: Assign-category - 1 
 04-01-2024 @ 14:23:35 -: Course created as product - Orlaivių funkcinės sistemos 
 04-01-2024 @ 14:23:35 -: Assign-category - 1 
 04-01-2024 @ 14:23:36 -: Course created as product - Lėktuvo aerodinamika 
 04-01-2024 @ 14:23:36 -: Assign-category - 1 
 04-01-2024 @ 14:23:37 -: Course created as product - Aviaciniai prietaisai 
 04-01-2024 @ 14:23:37 -: Assign-category - 1 
 04-01-2024 @ 14:23:38 -: Course created as product - Aviacinės medžiagos 
 04-01-2024 @ 14:23:38 -: Assign-category - 1 
 04-01-2024 @ 14:23:38 -: Course created as product - Taikomoji inžinerinė grafika 
 04-01-2024 @ 14:23:38 -: Assign-category - 1 
 04-01-2024 @ 14:23:38 -: Course created as product - Teorinė mechanika 
 04-01-2024 @ 14:23:38 -: Assign-category - 1 
 04-01-2024 @ 14:23:39 -: Course created as product - Aviacijos raida ir studijų įvadas 
 04-01-2024 @ 14:23:39 -: Assign-category - 1 
 04-01-2024 @ 14:23:40 -: Course created as product - Mechanikos ir termodinamikos pagrindai aviacijos inžinerijoje 
 04-01-2024 @ 14:23:40 -: Assign-category - 1 
 04-01-2024 @ 14:23:41 -: Course created as product - Informacinės technologijos 
 04-03-2024 @ 10:40:35 -: Assign-category - 1 
 04-03-2024 @ 10:40:36 -: Category created - Menai 
 04-03-2024 @ 10:40:36 -: Course created as product - Kultūrinis kraštovaizdis 
 04-03-2024 @ 10:40:36 -: Assign-category - 1 
 04-03-2024 @ 10:40:36 -: Course created as product - Tvarus verslumas vietos pokyčiams 
 04-15-2024 @ 05:39:30 -: Course product updated - Teorinė mechanika 
 04-15-2024 @ 05:50:49 -: Course product updated - Teorinė mechanika 
 