03-05-2024 @ 09:32:19 -: Assign-category - 1 
 03-05-2024 @ 09:32:19 -: Category created - Aviacijos mechanikos inžinerija 
 03-05-2024 @ 09:32:19 -: Course created as product - Lėktuvų projektavimas 
 03-05-2024 @ 09:32:19 -: Assign-category - 1 
 03-05-2024 @ 09:32:20 -: Course created as product - Orlaivių funkcinės sistemos 
 03-05-2024 @ 09:32:20 -: Assign-category - 1 
 03-05-2024 @ 09:32:20 -: Course created as product - Lėktuvo aerodinamika 
 03-05-2024 @ 09:32:20 -: Assign-category - 1 
 03-05-2024 @ 09:32:20 -: Course created as product - Aviaciniai prietaisai 
 03-05-2024 @ 09:32:20 -: Assign-category - 1 
 03-05-2024 @ 09:32:21 -: Course created as product - Aviacinės medžiagos 
 03-05-2024 @ 09:32:21 -: Assign-category - 1 
 03-05-2024 @ 09:32:21 -: Course created as product - Taikomoji inžinerinė grafika 
 03-05-2024 @ 09:32:21 -: Assign-category - 1 
 03-05-2024 @ 09:32:21 -: Course created as product - Teorinė mechanika 
 03-05-2024 @ 09:32:21 -: Assign-category - 1 
 03-05-2024 @ 09:32:22 -: Course created as product - Aviacijos raida ir studijų įvadas 
 03-05-2024 @ 09:32:22 -: Assign-category - 1 
 03-05-2024 @ 09:32:22 -: Course created as product - Mechanikos ir termodinamikos pagrindai aviacijos inžinerijoje 
 03-05-2024 @ 09:32:22 -: Assign-category - 1 
 03-05-2024 @ 09:32:23 -: Course created as product - Informacinės technologijos 
 03-07-2024 @ 16:42:27 -: Assign-category - 1 
 03-07-2024 @ 16:42:27 -: Category created - Aviacijos mechanikos inžinerija 
 03-07-2024 @ 16:42:28 -: Course created as product - Lėktuvų projektavimas 
 03-07-2024 @ 16:42:28 -: Assign-category - 1 
 03-07-2024 @ 16:42:28 -: Course created as product - Orlaivių funkcinės sistemos 
 03-07-2024 @ 16:42:28 -: Assign-category - 1 
 03-07-2024 @ 16:42:29 -: Course created as product - Lėktuvo aerodinamika 
 03-07-2024 @ 16:42:29 -: Assign-category - 1 
 03-07-2024 @ 16:42:29 -: Course created as product - Aviaciniai prietaisai 
 03-07-2024 @ 16:42:29 -: Assign-category - 1 
 03-07-2024 @ 16:42:30 -: Course created as product - Aviacinės medžiagos 
 03-07-2024 @ 16:42:30 -: Assign-category - 1 
 03-07-2024 @ 16:42:30 -: Course created as product - Taikomoji inžinerinė grafika 
 03-07-2024 @ 16:42:30 -: Assign-category - 1 
 03-07-2024 @ 16:42:30 -: Course created as product - Teorinė mechanika 
 03-07-2024 @ 16:42:30 -: Assign-category - 1 
 03-07-2024 @ 16:42:31 -: Course created as product - Aviacijos raida ir studijų įvadas 
 03-07-2024 @ 16:42:31 -: Assign-category - 1 
 03-07-2024 @ 16:42:32 -: Course created as product - Mechanikos ir termodinamikos pagrindai aviacijos inžinerijoje 
 03-07-2024 @ 16:42:32 -: Assign-category - 1 
 03-07-2024 @ 16:42:32 -: Course created as product - Informacinės technologijos 
 