[23/Feb/2024:19:02:38 +0200] ::1 TLSv1.3 TLS_AES_256_GCM_SHA384 "GET /emoodle/ HTTP/1.1" 88481
[23/Feb/2024:19:02:38 +0200] ::1 TLSv1.3 TLS_AES_256_GCM_SHA384 "GET /emoodle/ HTTP/1.1" 88481
[23/Feb/2024:19:13:16 +0200] ::1 TLSv1.3 TLS_AES_256_GCM_SHA384 "GET /favicon.ico HTTP/1.1" 1048
[23/Feb/2024:19:14:00 +0200] ::1 TLSv1.3 TLS_AES_256_GCM_SHA384 "GET /favicon.ico HTTP/1.1" 1048
[02/Mar/2024:07:40:10 +0200] ::1 TLSv1.3 TLS_AES_256_GCM_SHA384 "GET /emoodle/ HTTP/1.1" 58083
[02/Mar/2024:07:40:11 +0200] ::1 TLSv1.3 TLS_AES_256_GCM_SHA384 "GET /emoodle/ HTTP/1.1" 58083
[02/Mar/2024:19:22:00 +0200] ::1 TLSv1.3 TLS_AES_256_GCM_SHA384 "GET /emoodle/ HTTP/1.1" 57841
[04/Mar/2024:12:06:10 +0200] ::1 TLSv1.3 TLS_AES_256_GCM_SHA384 "GET /emoodle/ HTTP/1.1" 53156
[04/Mar/2024:21:46:36 +0200] ::1 TLSv1.3 TLS_AES_256_GCM_SHA384 "GET /wordpress/ HTTP/1.1" 53069
[04/Mar/2024:21:54:52 +0200] ::1 TLSv1.3 TLS_AES_256_GCM_SHA384 "GET /wordpress/ HTTP/1.1" 53063
[06/Mar/2024:09:15:38 +0200] ::1 TLSv1.3 TLS_AES_256_GCM_SHA384 "GET /ms-studijos/ HTTP/1.1" 144937
[06/Mar/2024:09:15:39 +0200] ::1 TLSv1.3 TLS_AES_256_GCM_SHA384 "GET /ms-studijos/ HTTP/1.1" 144937
[06/Mar/2024:14:27:43 +0200] ::1 TLSv1.3 TLS_AES_256_GCM_SHA384 "GET /ms-studijos/ HTTP/1.1" 144473
[07/Mar/2024:09:55:10 +0200] ::1 TLSv1.3 TLS_AES_256_GCM_SHA384 "GET /emoodle/ HTTP/1.1" 302122
[07/Mar/2024:09:55:15 +0200] ::1 TLSv1.3 TLS_AES_256_GCM_SHA384 "GET /emoodle/ HTTP/1.1" 302122
[10/Mar/2024:08:40:56 +0200] ::1 TLSv1.3 TLS_AES_256_GCM_SHA384 "GET /emoodle/ HTTP/1.1" 88393
[10/Mar/2024:08:40:56 +0200] ::1 TLSv1.3 TLS_AES_256_GCM_SHA384 "GET /emoodle/ HTTP/1.1" 88393
[17/Mar/2024:10:17:51 +0200] ::1 TLSv1.3 TLS_AES_256_GCM_SHA384 "GET /ms-studijos/ HTTP/1.1" 77725
[18/Mar/2024:08:14:45 +0200] ::1 TLSv1.3 TLS_AES_256_GCM_SHA384 "GET /wordpress/ HTTP/1.1" 141104
[18/Mar/2024:08:14:47 +0200] ::1 TLSv1.3 TLS_AES_256_GCM_SHA384 "GET /wordpress/ HTTP/1.1" 141104
[18/Mar/2024:08:16:34 +0200] ::1 TLSv1.3 TLS_AES_256_GCM_SHA384 "GET /emoodle/ HTTP/1.1" 83620
[18/Mar/2024:08:16:29 +0200] ::1 TLSv1.3 TLS_AES_256_GCM_SHA384 "GET /emoodle/ HTTP/1.1" 83620
[18/Mar/2024:08:59:42 +0200] ::1 TLSv1.3 TLS_AES_256_GCM_SHA384 "GET /wordpress/ HTTP/1.1" 141104
[18/Mar/2024:16:32:36 +0200] ::1 TLSv1.3 TLS_AES_256_GCM_SHA384 "GET /emoodle/ HTTP/1.1" 158300
[20/Mar/2024:08:22:46 +0200] ::1 TLSv1.3 TLS_AES_256_GCM_SHA384 "GET /ms/ HTTP/1.1" 153466
[20/Mar/2024:08:22:48 +0200] ::1 TLSv1.3 TLS_AES_256_GCM_SHA384 "GET /ms/ HTTP/1.1" 153466
[20/Mar/2024:08:29:46 +0200] ::1 TLSv1.3 TLS_AES_256_GCM_SHA384 "GET /ms-studijos/ HTTP/1.1" 76893
[20/Mar/2024:09:41:57 +0200] ::1 TLSv1.3 TLS_AES_256_GCM_SHA384 "GET /ms-studijos/ HTTP/1.1" 76893
[20/Mar/2024:09:43:38 +0200] ::1 TLSv1.3 TLS_AES_256_GCM_SHA384 "GET /emoodle/ HTTP/1.1" 83620
[20/Mar/2024:09:43:36 +0200] ::1 TLSv1.3 TLS_AES_256_GCM_SHA384 "GET /ms/ HTTP/1.1" 132414
[20/Mar/2024:09:49:19 +0200] ::1 TLSv1.3 TLS_AES_256_GCM_SHA384 "GET /ms/ HTTP/1.1" 154170
[20/Mar/2024:09:50:23 +0200] ::1 TLSv1.3 TLS_AES_256_GCM_SHA384 "GET /ms/ HTTP/1.1" 84058
[20/Mar/2024:09:50:24 +0200] ::1 TLSv1.3 TLS_AES_256_GCM_SHA384 "GET /ms/ HTTP/1.1" 84058
[20/Mar/2024:09:53:44 +0200] ::1 TLSv1.3 TLS_AES_256_GCM_SHA384 "GET /ms/ HTTP/1.1" 88280
[20/Mar/2024:10:41:44 +0200] ::1 TLSv1.3 TLS_AES_256_GCM_SHA384 "GET /ms-studijos/ HTTP/1.1" 76897
[20/Mar/2024:10:42:50 +0200] ::1 TLSv1.3 TLS_AES_256_GCM_SHA384 "GET /ms-studijos/ HTTP/1.1" 76897
[20/Mar/2024:10:43:51 +0200] ::1 TLSv1.3 TLS_AES_256_GCM_SHA384 "GET /ms-studijos/ HTTP/1.1" 76897
[20/Mar/2024:12:08:47 +0200] ::1 TLSv1.3 TLS_AES_256_GCM_SHA384 "GET /ms-studijos/ HTTP/1.1" 76897
[22/Mar/2024:08:38:49 +0200] ::1 TLSv1.3 TLS_AES_256_GCM_SHA384 "GET /ms/ HTTP/1.1" 88280
[24/Mar/2024:07:52:05 +0200] ::1 TLSv1.3 TLS_AES_256_GCM_SHA384 "GET /ms/ HTTP/1.1" 61600
[24/Mar/2024:07:52:06 +0200] ::1 TLSv1.3 TLS_AES_256_GCM_SHA384 "GET /ms/ HTTP/1.1" 61600
[27/Mar/2024:11:22:55 +0200] ::1 TLSv1.3 TLS_AES_256_GCM_SHA384 "GET /ms-studijos/ HTTP/1.1" 76782
[29/Mar/2024:09:57:35 +0200] ::1 TLSv1.3 TLS_AES_256_GCM_SHA384 "GET /emoodle/ HTTP/1.1" 158574
[01/Apr/2024:09:52:08 +0300] ::1 TLSv1.3 TLS_AES_256_GCM_SHA384 "GET /emoodle/ HTTP/1.1" 158940
[01/Apr/2024:10:28:35 +0300] ::1 TLSv1.3 TLS_AES_256_GCM_SHA384 "GET /ms/ HTTP/1.1" 61560
[01/Apr/2024:10:28:57 +0300] ::1 TLSv1.3 TLS_AES_256_GCM_SHA384 "GET /ms/ HTTP/1.1" 61560
[02/Apr/2024:17:43:48 +0300] ::1 TLSv1.3 TLS_AES_256_GCM_SHA384 "GET /ms-studijos.lt/ HTTP/1.1" 168311
[02/Apr/2024:17:43:50 +0300] ::1 TLSv1.3 TLS_AES_256_GCM_SHA384 "GET /ms-studijos.lt/ HTTP/1.1" 168311
[03/Apr/2024:10:57:34 +0300] ::1 TLSv1.3 TLS_AES_256_GCM_SHA384 "GET /ms-studijos/ HTTP/1.1" 76271
[04/Apr/2024:09:15:10 +0300] ::1 TLSv1.3 TLS_AES_256_GCM_SHA384 "GET /emoodle/ HTTP/1.1" 163855
[04/Apr/2024:09:15:13 +0300] ::1 TLSv1.3 TLS_AES_256_GCM_SHA384 "GET /emoodle/ HTTP/1.1" 163855
[04/Apr/2024:09:15:13 +0300] ::1 TLSv1.3 TLS_AES_256_GCM_SHA384 "POST /emoodle/wp-admin/admin-ajax.php?action=wp_1_wc_privacy_cleanup&nonce=8ed5f68546 HTTP/1.1" -
[04/Apr/2024:09:15:11 +0300] ::1 TLSv1.3 TLS_AES_256_GCM_SHA384 "POST /emoodle/wp-cron.php?doing_wp_cron=1712211311.7685420513153076171875 HTTP/1.1" -
[04/Apr/2024:19:54:55 +0300] ::1 TLSv1.3 TLS_AES_256_GCM_SHA384 "GET /Joomla/ HTTP/1.1" 1048
[04/Apr/2024:19:54:56 +0300] ::1 TLSv1.3 TLS_AES_256_GCM_SHA384 "GET /favicon.ico HTTP/1.1" 1186
[15/Apr/2024:08:09:52 +0300] ::1 TLSv1.3 TLS_AES_256_GCM_SHA384 "GET /emoodle/ HTTP/1.1" 154356
[15/Apr/2024:08:09:54 +0300] ::1 TLSv1.3 TLS_AES_256_GCM_SHA384 "GET /emoodle/ HTTP/1.1" 154356
[15/Apr/2024:08:29:06 +0300] ::1 TLSv1.3 TLS_AES_256_GCM_SHA384 "GET /ms-studijos.lt/ HTTP/1.1" 79875
[15/Apr/2024:08:29:17 +0300] ::1 TLSv1.3 TLS_AES_256_GCM_SHA384 "GET /ms-studijos.lt/ HTTP/1.1" 148544
[15/Mar/2024:13:10:43 +0200] ::1 TLSv1.3 TLS_AES_256_GCM_SHA384 "GET /ms-studijos.lt/ HTTP/1.1" 140370
