20:18:05  [main] 	Initializing Control Panel
20:18:05  [main] 	Windows Version:  Home  64-bit
20:18:05  [main] 	XAMPP Version: 8.1.17
20:18:05  [main] 	Control Panel Version: 3.3.0  [ Compiled: Apr 6th 2021 ]
20:18:05  [main] 	Running with Administrator rights - good!
20:18:05  [main] 	XAMPP Installation Directory: "c:\moodle_ms\server\"
20:18:05  [main] 	Checking for prerequisites
20:18:05  [main] 	All prerequisites found
20:18:05  [main] 	Initializing Modules
20:18:05  [mysql] 	XAMPP MySQL is already running on port 3306
20:18:05  [main] 	The FileZilla module is disabled
20:18:05  [main] 	The Mercury module is disabled
20:18:05  [Tomcat] 	Problem detected: Tomcat Not Found!
20:18:05  [Tomcat] 	Disabling Tomcat buttons
20:18:05  [Tomcat] 	Run this program from your XAMPP root directory!
20:18:05  [Tomcat] 	Problem detected: Required Tool catalina_start.bat Not Found!
20:18:05  [Tomcat] 	Problem detected: Required Tool catalina_stop.bat Not Found!
20:18:05  [Tomcat] 	Problem detected: Required Tool catalina_service.bat Not Found!
20:18:05  [main] 	Starting Check-Timer
20:18:05  [main] 	Control Panel Ready
20:18:07  [Apache] 	Attempting to start Apache app...
20:18:08  [Apache] 	Status change detected: running
20:47:24  [Apache] 	Attempting to stop Apache (PID: 13844)
20:47:24  [Apache] 	Attempting to stop Apache (PID: 7924)
20:47:24  [Apache] 	Status change detected: stopped
20:47:24  [mysql] 	Attempting to stop MySQL app...
20:47:24  [mysql] 	Status change detected: stopped
20:59:21  [Apache] 	Attempting to start Apache app...
20:59:21  [Apache] 	Status change detected: running
20:59:22  [mysql] 	Attempting to start MySQL app...
20:59:22  [mysql] 	Status change detected: running
21:21:56  [Apache] 	Attempting to stop Apache (PID: 3308)
21:21:56  [Apache] 	Attempting to stop Apache (PID: 6044)
21:21:56  [Apache] 	Status change detected: stopped
21:21:56  [mysql] 	Attempting to stop MySQL app...
21:21:57  [mysql] 	Status change detected: stopped
21:22:02  [main] 	Deinitializing Modules
21:22:02  [main] 	Deinitializing Control Panel

15:40:40  [main] 	Initializing Control Panel
15:40:40  [main] 	Windows Version:  Home  64-bit
15:40:40  [main] 	XAMPP Version: 8.1.17
15:40:40  [main] 	Control Panel Version: 3.3.0  [ Compiled: Apr 6th 2021 ]
15:40:40  [main] 	Running with Administrator rights - good!
15:40:40  [main] 	XAMPP Installation Directory: "c:\moodle_ms\server\"
15:40:40  [main] 	Checking for prerequisites
15:40:41  [main] 	All prerequisites found
15:40:41  [main] 	Initializing Modules
15:40:41  [main] 	The FileZilla module is disabled
15:40:41  [main] 	The Mercury module is disabled
15:40:41  [Tomcat] 	Problem detected: Tomcat Not Found!
15:40:41  [Tomcat] 	Disabling Tomcat buttons
15:40:41  [Tomcat] 	Run this program from your XAMPP root directory!
15:40:41  [Tomcat] 	Problem detected: Required Tool catalina_start.bat Not Found!
15:40:41  [Tomcat] 	Problem detected: Required Tool catalina_stop.bat Not Found!
15:40:41  [Tomcat] 	Problem detected: Required Tool catalina_service.bat Not Found!
15:40:41  [main] 	Starting Check-Timer
15:40:41  [main] 	Control Panel Ready
15:40:43  [Apache] 	Attempting to stop Apache (PID: 7872)
15:40:44  [Apache] 	Status change detected: stopped
15:40:44  [mysql] 	Attempting to start MySQL app...
15:40:44  [mysql] 	Status change detected: running
15:40:48  [Apache] 	Attempting to start Apache app...
15:40:48  [Apache] 	Status change detected: running
17:33:29  [Apache] 	Attempting to stop Apache (PID: 2188)
17:33:29  [Apache] 	Attempting to stop Apache (PID: 17716)
17:33:30  [Apache] 	Status change detected: stopped
17:33:30  [mysql] 	Attempting to stop MySQL app...
17:33:30  [mysql] 	Status change detected: stopped
20:52:31  [main] 	Deinitializing Modules
20:52:31  [main] 	Deinitializing Control Panel

19:01:53  [main] 	Initializing Control Panel
19:01:53  [main] 	Windows Version:  Home  64-bit
19:01:53  [main] 	XAMPP Version: 8.1.17
19:01:53  [main] 	Control Panel Version: 3.3.0  [ Compiled: Apr 6th 2021 ]
19:01:53  [main] 	Running with Administrator rights - good!
19:01:53  [main] 	XAMPP Installation Directory: "c:\moodle_ms\server\"
19:01:53  [main] 	Checking for prerequisites
19:01:53  [main] 	All prerequisites found
19:01:53  [main] 	Initializing Modules
19:01:53  [main] 	The FileZilla module is disabled
19:01:53  [main] 	The Mercury module is disabled
19:01:53  [Tomcat] 	Problem detected: Tomcat Not Found!
19:01:53  [Tomcat] 	Disabling Tomcat buttons
19:01:53  [Tomcat] 	Run this program from your XAMPP root directory!
19:01:53  [Tomcat] 	Problem detected: Required Tool catalina_start.bat Not Found!
19:01:53  [Tomcat] 	Problem detected: Required Tool catalina_stop.bat Not Found!
19:01:53  [Tomcat] 	Problem detected: Required Tool catalina_service.bat Not Found!
19:01:53  [main] 	Starting Check-Timer
19:01:53  [main] 	Control Panel Ready
19:01:55  [Apache] 	Attempting to start Apache app...
19:01:55  [Apache] 	Status change detected: running
19:01:55  [mysql] 	Attempting to start MySQL app...
19:01:56  [mysql] 	Status change detected: running
19:06:37  [Apache] 	Attempting to stop Apache (PID: 2008)
19:06:37  [Apache] 	Attempting to stop Apache (PID: 10100)
19:06:37  [Apache] 	Status change detected: stopped
19:06:37  [mysql] 	Attempting to stop MySQL app...
19:06:38  [mysql] 	Status change detected: stopped
19:08:16  [Apache] 	Attempting to start Apache app...
19:08:16  [Apache] 	Status change detected: running
19:08:16  [mysql] 	Attempting to start MySQL app...
19:08:17  [mysql] 	Status change detected: running
19:47:25  [Apache] 	Attempting to stop Apache (PID: 9456)
19:47:25  [Apache] 	Attempting to stop Apache (PID: 10488)
19:47:25  [Apache] 	Status change detected: stopped
19:47:25  [mysql] 	Attempting to stop MySQL app...
19:47:26  [mysql] 	Status change detected: stopped
19:47:32  [main] 	Deinitializing Modules
19:47:32  [main] 	Deinitializing Control Panel

10:06:14  [main] 	Initializing Control Panel
10:06:14  [main] 	Windows Version:  Home  64-bit
10:06:14  [main] 	XAMPP Version: 8.1.17
10:06:14  [main] 	Control Panel Version: 3.3.0  [ Compiled: Apr 6th 2021 ]
10:06:14  [main] 	Running with Administrator rights - good!
10:06:14  [main] 	XAMPP Installation Directory: "c:\moodle_ms\server\"
10:06:14  [main] 	Checking for prerequisites
10:06:15  [main] 	All prerequisites found
10:06:15  [main] 	Initializing Modules
10:06:15  [main] 	The FileZilla module is disabled
10:06:15  [main] 	The Mercury module is disabled
10:06:15  [Tomcat] 	Problem detected: Tomcat Not Found!
10:06:15  [Tomcat] 	Disabling Tomcat buttons
10:06:15  [Tomcat] 	Run this program from your XAMPP root directory!
10:06:15  [Tomcat] 	Problem detected: Required Tool catalina_start.bat Not Found!
10:06:15  [Tomcat] 	Problem detected: Required Tool catalina_stop.bat Not Found!
10:06:15  [Tomcat] 	Problem detected: Required Tool catalina_service.bat Not Found!
10:06:15  [main] 	Starting Check-Timer
10:06:15  [main] 	Control Panel Ready
10:06:17  [Apache] 	Attempting to start Apache app...
10:06:17  [Apache] 	Status change detected: running
10:06:17  [mysql] 	Attempting to start MySQL app...
10:06:17  [mysql] 	Status change detected: running
10:35:38  [Apache] 	Attempting to stop Apache (PID: 12052)
10:35:38  [Apache] 	Attempting to stop Apache (PID: 3724)
10:35:38  [Apache] 	Status change detected: stopped
10:35:39  [mysql] 	Attempting to stop MySQL app...
10:35:39  [mysql] 	Status change detected: stopped
10:50:09  [main] 	Deinitializing Modules
10:50:09  [main] 	Deinitializing Control Panel

07:39:04  [main] 	Initializing Control Panel
07:39:04  [main] 	Windows Version:  Home  64-bit
07:39:04  [main] 	XAMPP Version: 8.1.17
07:39:04  [main] 	Control Panel Version: 3.3.0  [ Compiled: Apr 6th 2021 ]
07:39:04  [main] 	Running with Administrator rights - good!
07:39:04  [main] 	XAMPP Installation Directory: "c:\moodle_ms\server\"
07:39:04  [main] 	Checking for prerequisites
07:39:05  [main] 	All prerequisites found
07:39:05  [main] 	Initializing Modules
07:39:05  [main] 	The FileZilla module is disabled
07:39:05  [main] 	The Mercury module is disabled
07:39:05  [Tomcat] 	Problem detected: Tomcat Not Found!
07:39:05  [Tomcat] 	Disabling Tomcat buttons
07:39:05  [Tomcat] 	Run this program from your XAMPP root directory!
07:39:05  [Tomcat] 	Problem detected: Required Tool catalina_start.bat Not Found!
07:39:05  [Tomcat] 	Problem detected: Required Tool catalina_stop.bat Not Found!
07:39:05  [Tomcat] 	Problem detected: Required Tool catalina_service.bat Not Found!
07:39:05  [main] 	Starting Check-Timer
07:39:05  [main] 	Control Panel Ready
07:39:08  [Apache] 	Attempting to start Apache app...
07:39:08  [Apache] 	Status change detected: running
07:39:08  [mysql] 	Attempting to start MySQL app...
07:39:09  [mysql] 	Status change detected: running
07:42:05  [Apache] 	Attempting to stop Apache (PID: 10848)
07:42:05  [Apache] 	Attempting to stop Apache (PID: 5232)
07:42:06  [Apache] 	Status change detected: stopped
07:42:06  [mysql] 	Attempting to stop MySQL app...
07:42:07  [mysql] 	Status change detected: stopped
07:43:34  [main] 	Deinitializing Modules
07:43:34  [main] 	Deinitializing Control Panel

19:47:17  [main] 	Initializing Control Panel
19:47:17  [main] 	Windows Version:  Home  64-bit
19:47:17  [main] 	XAMPP Version: 8.1.17
19:47:17  [main] 	Control Panel Version: 3.3.0  [ Compiled: Apr 6th 2021 ]
19:47:17  [main] 	Running with Administrator rights - good!
19:47:17  [main] 	XAMPP Installation Directory: "c:\moodle_ms\server\"
19:47:17  [main] 	Checking for prerequisites
19:47:18  [main] 	All prerequisites found
19:47:18  [main] 	Initializing Modules
19:47:18  [main] 	The FileZilla module is disabled
19:47:18  [main] 	The Mercury module is disabled
19:47:18  [Tomcat] 	Problem detected: Tomcat Not Found!
19:47:18  [Tomcat] 	Disabling Tomcat buttons
19:47:18  [Tomcat] 	Run this program from your XAMPP root directory!
19:47:18  [Tomcat] 	Problem detected: Required Tool catalina_start.bat Not Found!
19:47:18  [Tomcat] 	Problem detected: Required Tool catalina_stop.bat Not Found!
19:47:18  [Tomcat] 	Problem detected: Required Tool catalina_service.bat Not Found!
19:47:18  [main] 	Starting Check-Timer
19:47:18  [main] 	Control Panel Ready
19:47:20  [Apache] 	Attempting to start Apache app...
19:47:20  [Apache] 	Status change detected: running
19:47:20  [mysql] 	Attempting to start MySQL app...
19:47:21  [mysql] 	Status change detected: running
22:08:48  [Apache] 	Attempting to stop Apache (PID: 5880)
22:08:48  [Apache] 	Attempting to stop Apache (PID: 1856)
22:08:48  [Apache] 	Status change detected: stopped
22:08:49  [mysql] 	Attempting to stop MySQL app...
22:08:49  [mysql] 	Status change detected: stopped
22:09:10  [main] 	Deinitializing Modules
22:09:10  [main] 	Deinitializing Control Panel

07:38:13  [main] 	Initializing Control Panel
07:38:13  [main] 	Windows Version:  Home  64-bit
07:38:13  [main] 	XAMPP Version: 8.1.17
07:38:13  [main] 	Control Panel Version: 3.3.0  [ Compiled: Apr 6th 2021 ]
07:38:13  [main] 	Running with Administrator rights - good!
07:38:13  [main] 	XAMPP Installation Directory: "c:\moodle_ms\server\"
07:38:13  [main] 	Checking for prerequisites
07:38:14  [main] 	All prerequisites found
07:38:14  [main] 	Initializing Modules
07:38:14  [main] 	The FileZilla module is disabled
07:38:14  [main] 	The Mercury module is disabled
07:38:14  [Tomcat] 	Problem detected: Tomcat Not Found!
07:38:14  [Tomcat] 	Disabling Tomcat buttons
07:38:14  [Tomcat] 	Run this program from your XAMPP root directory!
07:38:14  [Tomcat] 	Problem detected: Required Tool catalina_start.bat Not Found!
07:38:14  [Tomcat] 	Problem detected: Required Tool catalina_stop.bat Not Found!
07:38:14  [Tomcat] 	Problem detected: Required Tool catalina_service.bat Not Found!
07:38:14  [main] 	Starting Check-Timer
07:38:14  [main] 	Control Panel Ready
07:38:15  [Apache] 	Attempting to start Apache app...
07:38:15  [Apache] 	Status change detected: running
07:38:16  [mysql] 	Attempting to start MySQL app...
07:38:16  [mysql] 	Status change detected: running
13:06:02  [Apache] 	Attempting to stop Apache (PID: 2436)
13:06:02  [Apache] 	Attempting to stop Apache (PID: 11432)
13:06:03  [Apache] 	Status change detected: stopped
13:06:03  [mysql] 	Attempting to stop MySQL app...
13:06:03  [mysql] 	Status change detected: stopped
13:10:49  [Apache] 	Attempting to start Apache app...
13:10:49  [Apache] 	Status change detected: running
13:10:50  [mysql] 	Attempting to start MySQL app...
13:10:51  [mysql] 	Status change detected: running
15:29:57  [Apache] 	Attempting to stop Apache (PID: 15036)
15:29:57  [Apache] 	Attempting to stop Apache (PID: 9872)
15:29:57  [mysql] 	Attempting to stop MySQL app...
15:29:57  [Apache] 	Status change detected: stopped
15:29:57  [mysql] 	Status change detected: stopped
15:30:04  [main] 	Deinitializing Modules
15:30:04  [main] 	Deinitializing Control Panel

15:35:17  [main] 	Initializing Control Panel
15:35:17  [main] 	Windows Version:  Home  64-bit
15:35:17  [main] 	XAMPP Version: 8.1.17
15:35:17  [main] 	Control Panel Version: 3.3.0  [ Compiled: Apr 6th 2021 ]
15:35:17  [main] 	Running with Administrator rights - good!
15:35:17  [main] 	XAMPP Installation Directory: "c:\moodle_ms\server\"
15:35:17  [main] 	Checking for prerequisites
15:35:17  [main] 	All prerequisites found
15:35:17  [main] 	Initializing Modules
15:35:17  [main] 	The FileZilla module is disabled
15:35:17  [main] 	The Mercury module is disabled
15:35:17  [Tomcat] 	Problem detected: Tomcat Not Found!
15:35:17  [Tomcat] 	Disabling Tomcat buttons
15:35:17  [Tomcat] 	Run this program from your XAMPP root directory!
15:35:17  [Tomcat] 	Problem detected: Required Tool catalina_start.bat Not Found!
15:35:17  [Tomcat] 	Problem detected: Required Tool catalina_stop.bat Not Found!
15:35:17  [Tomcat] 	Problem detected: Required Tool catalina_service.bat Not Found!
15:35:17  [main] 	Starting Check-Timer
15:35:17  [main] 	Control Panel Ready
15:35:18  [Apache] 	Attempting to start Apache app...
15:35:19  [Apache] 	Status change detected: running
15:35:19  [mysql] 	Attempting to start MySQL app...
15:35:19  [mysql] 	Status change detected: running
17:35:16  [Apache] 	Attempting to stop Apache (PID: 3328)
17:35:16  [Apache] 	Attempting to stop Apache (PID: 6668)
17:35:17  [Apache] 	Status change detected: stopped
17:35:17  [mysql] 	Attempting to stop MySQL app...
17:35:17  [mysql] 	Status change detected: stopped
17:40:01  [main] 	Deinitializing Modules
17:40:01  [main] 	Deinitializing Control Panel

18:59:34  [main] 	Initializing Control Panel
18:59:34  [main] 	Windows Version:  Home  64-bit
18:59:34  [main] 	XAMPP Version: 8.1.17
18:59:34  [main] 	Control Panel Version: 3.3.0  [ Compiled: Apr 6th 2021 ]
18:59:34  [main] 	Running with Administrator rights - good!
18:59:34  [main] 	XAMPP Installation Directory: "c:\moodle_ms\server\"
18:59:34  [main] 	Checking for prerequisites
18:59:34  [main] 	All prerequisites found
18:59:34  [main] 	Initializing Modules
18:59:34  [main] 	The FileZilla module is disabled
18:59:34  [main] 	The Mercury module is disabled
18:59:34  [Tomcat] 	Problem detected: Tomcat Not Found!
18:59:34  [Tomcat] 	Disabling Tomcat buttons
18:59:34  [Tomcat] 	Run this program from your XAMPP root directory!
18:59:34  [Tomcat] 	Problem detected: Required Tool catalina_start.bat Not Found!
18:59:34  [Tomcat] 	Problem detected: Required Tool catalina_stop.bat Not Found!
18:59:34  [Tomcat] 	Problem detected: Required Tool catalina_service.bat Not Found!
18:59:34  [main] 	Starting Check-Timer
18:59:34  [main] 	Control Panel Ready
18:59:36  [Apache] 	Attempting to start Apache app...
18:59:36  [mysql] 	Attempting to start MySQL app...
18:59:36  [Apache] 	Status change detected: running
18:59:36  [mysql] 	Status change detected: running
20:57:50  [Apache] 	Attempting to stop Apache (PID: 10668)
20:57:50  [Apache] 	Attempting to stop Apache (PID: 10176)
20:57:50  [Apache] 	Status change detected: stopped
20:57:51  [mysql] 	Attempting to stop MySQL app...
20:57:51  [mysql] 	Status change detected: stopped
20:57:57  [main] 	Deinitializing Modules
20:57:57  [main] 	Deinitializing Control Panel

07:07:52  [main] 	Initializing Control Panel
07:07:52  [main] 	Windows Version:  Home  64-bit
07:07:52  [main] 	XAMPP Version: 8.1.17
07:07:52  [main] 	Control Panel Version: 3.3.0  [ Compiled: Apr 6th 2021 ]
07:07:52  [main] 	Running with Administrator rights - good!
07:07:52  [main] 	XAMPP Installation Directory: "c:\moodle_ms\server\"
07:07:52  [main] 	Checking for prerequisites
07:07:53  [main] 	All prerequisites found
07:07:53  [main] 	Initializing Modules
07:07:53  [main] 	The FileZilla module is disabled
07:07:53  [main] 	The Mercury module is disabled
07:07:53  [Tomcat] 	Problem detected: Tomcat Not Found!
07:07:53  [Tomcat] 	Disabling Tomcat buttons
07:07:53  [Tomcat] 	Run this program from your XAMPP root directory!
07:07:53  [Tomcat] 	Problem detected: Required Tool catalina_start.bat Not Found!
07:07:53  [Tomcat] 	Problem detected: Required Tool catalina_stop.bat Not Found!
07:07:53  [Tomcat] 	Problem detected: Required Tool catalina_service.bat Not Found!
07:07:53  [main] 	Starting Check-Timer
07:07:53  [main] 	Control Panel Ready
07:07:55  [Apache] 	Attempting to start Apache app...
07:07:55  [Apache] 	Status change detected: running
07:07:59  [mysql] 	Attempting to start MySQL app...
07:07:59  [mysql] 	Status change detected: running
11:42:42  [Apache] 	Attempting to stop Apache (PID: 9768)
11:42:42  [Apache] 	Attempting to stop Apache (PID: 10956)
11:42:42  [Apache] 	Status change detected: stopped
11:42:43  [mysql] 	Attempting to stop MySQL app...
11:42:43  [mysql] 	Status change detected: stopped
11:42:44  [Apache] 	Attempting to start Apache app...
11:42:44  [Apache] 	Status change detected: running
11:42:45  [mysql] 	Attempting to start MySQL app...
11:42:45  [mysql] 	Status change detected: running
11:44:05  [Apache] 	Attempting to stop Apache (PID: 7040)
11:44:05  [Apache] 	Attempting to stop Apache (PID: 3596)
11:44:05  [Apache] 	Status change detected: stopped
11:44:06  [mysql] 	Attempting to stop MySQL app...
11:44:06  [mysql] 	Status change detected: stopped
11:46:29  [Apache] 	Attempting to start Apache app...
11:46:29  [Apache] 	Status change detected: running
11:46:30  [mysql] 	Attempting to start MySQL app...
11:46:30  [mysql] 	Status change detected: running
12:13:08  [Apache] 	Attempting to stop Apache (PID: 10916)
12:13:08  [Apache] 	Attempting to stop Apache (PID: 492)
12:13:08  [Apache] 	Status change detected: stopped
12:13:09  [mysql] 	Attempting to stop MySQL app...
12:13:09  [mysql] 	Status change detected: stopped
12:14:56  [Apache] 	Attempting to start Apache app...
12:14:56  [mysql] 	Attempting to start MySQL app...
12:14:56  [Apache] 	Status change detected: running
12:14:56  [mysql] 	Status change detected: running
13:36:53  [Apache] 	Attempting to stop Apache (PID: 5708)
13:36:53  [Apache] 	Attempting to stop Apache (PID: 800)
13:36:53  [mysql] 	Attempting to stop MySQL app...
13:36:53  [Apache] 	Status change detected: stopped
13:36:53  [mysql] 	Status change detected: stopped
13:38:00  [Apache] 	Attempting to start Apache app...
13:38:00  [Apache] 	Status change detected: running
13:38:01  [mysql] 	Attempting to start MySQL app...
13:38:01  [mysql] 	Status change detected: running
14:14:20  [Apache] 	Attempting to stop Apache (PID: 2868)
14:14:20  [Apache] 	Attempting to stop Apache (PID: 12524)
14:14:20  [Apache] 	Status change detected: stopped
14:14:20  [mysql] 	Attempting to stop MySQL app...
14:14:20  [mysql] 	Status change detected: stopped
14:15:21  [Apache] 	Attempting to start Apache app...
14:15:21  [Apache] 	Status change detected: running
14:15:21  [mysql] 	Attempting to start MySQL app...
14:15:22  [mysql] 	Status change detected: running
14:45:52  [Apache] 	Attempting to stop Apache (PID: 11844)
14:45:52  [Apache] 	Attempting to stop Apache (PID: 16112)
14:45:52  [Apache] 	Status change detected: stopped
14:45:52  [mysql] 	Attempting to stop MySQL app...
14:45:53  [mysql] 	Status change detected: stopped
14:48:46  [main] 	Deinitializing Modules
14:48:46  [main] 	Deinitializing Control Panel

16:50:57  [main] 	Initializing Control Panel
16:50:57  [main] 	Windows Version:  Home  64-bit
16:50:57  [main] 	XAMPP Version: 8.1.17
16:50:57  [main] 	Control Panel Version: 3.3.0  [ Compiled: Apr 6th 2021 ]
16:50:57  [main] 	Running with Administrator rights - good!
16:50:57  [main] 	XAMPP Installation Directory: "c:\moodle_ms\server\"
16:50:57  [main] 	Checking for prerequisites
16:50:58  [main] 	All prerequisites found
16:50:58  [main] 	Initializing Modules
16:50:58  [main] 	The FileZilla module is disabled
16:50:58  [main] 	The Mercury module is disabled
16:50:58  [Tomcat] 	Problem detected: Tomcat Not Found!
16:50:58  [Tomcat] 	Disabling Tomcat buttons
16:50:58  [Tomcat] 	Run this program from your XAMPP root directory!
16:50:58  [Tomcat] 	Problem detected: Required Tool catalina_start.bat Not Found!
16:50:58  [Tomcat] 	Problem detected: Required Tool catalina_stop.bat Not Found!
16:50:58  [Tomcat] 	Problem detected: Required Tool catalina_service.bat Not Found!
16:50:58  [main] 	Starting Check-Timer
16:50:58  [main] 	Control Panel Ready
16:51:01  [Apache] 	Attempting to start Apache app...
16:51:01  [Apache] 	Status change detected: running
16:51:01  [mysql] 	Attempting to start MySQL app...
16:51:02  [mysql] 	Status change detected: running
17:39:24  [Apache] 	Attempting to stop Apache (PID: 1500)
17:39:24  [Apache] 	Attempting to stop Apache (PID: 3808)
17:39:24  [mysql] 	Attempting to stop MySQL app...
17:39:24  [Apache] 	Status change detected: stopped
17:39:24  [mysql] 	Status change detected: stopped
17:39:29  [main] 	Deinitializing Modules
17:39:29  [main] 	Deinitializing Control Panel

20:20:36  [main] 	Initializing Control Panel
20:20:36  [main] 	Windows Version:  Home  64-bit
20:20:36  [main] 	XAMPP Version: 8.1.17
20:20:36  [main] 	Control Panel Version: 3.3.0  [ Compiled: Apr 6th 2021 ]
20:20:36  [main] 	Running with Administrator rights - good!
20:20:36  [main] 	XAMPP Installation Directory: "c:\moodle_ms\server\"
20:20:36  [main] 	Checking for prerequisites
20:20:36  [main] 	All prerequisites found
20:20:36  [main] 	Initializing Modules
20:20:36  [main] 	The FileZilla module is disabled
20:20:36  [main] 	The Mercury module is disabled
20:20:36  [Tomcat] 	Problem detected: Tomcat Not Found!
20:20:36  [Tomcat] 	Disabling Tomcat buttons
20:20:36  [Tomcat] 	Run this program from your XAMPP root directory!
20:20:36  [Tomcat] 	Problem detected: Required Tool catalina_start.bat Not Found!
20:20:36  [Tomcat] 	Problem detected: Required Tool catalina_stop.bat Not Found!
20:20:36  [Tomcat] 	Problem detected: Required Tool catalina_service.bat Not Found!
20:20:36  [main] 	Starting Check-Timer
20:20:36  [main] 	Control Panel Ready
20:20:38  [Apache] 	Attempting to start Apache app...
20:20:38  [Apache] 	Status change detected: running
20:20:38  [mysql] 	Attempting to start MySQL app...
20:20:39  [mysql] 	Status change detected: running
20:34:48  [Apache] 	Attempting to stop Apache (PID: 8608)
20:34:48  [Apache] 	Attempting to stop Apache (PID: 7536)
20:34:49  [Apache] 	Status change detected: stopped
20:34:49  [mysql] 	Attempting to stop MySQL app...
20:34:49  [mysql] 	Status change detected: stopped
20:58:06  [main] 	Deinitializing Modules
20:58:06  [main] 	Deinitializing Control Panel

21:19:07  [main] 	Initializing Control Panel
21:19:07  [main] 	Windows Version:  Home  64-bit
21:19:07  [main] 	XAMPP Version: 8.1.17
21:19:07  [main] 	Control Panel Version: 3.3.0  [ Compiled: Apr 6th 2021 ]
21:19:07  [main] 	Running with Administrator rights - good!
21:19:07  [main] 	XAMPP Installation Directory: "c:\moodle_ms\server\"
21:19:07  [main] 	Checking for prerequisites
21:19:07  [main] 	All prerequisites found
21:19:07  [main] 	Initializing Modules
21:19:07  [main] 	The FileZilla module is disabled
21:19:07  [main] 	The Mercury module is disabled
21:19:07  [Tomcat] 	Problem detected: Tomcat Not Found!
21:19:07  [Tomcat] 	Disabling Tomcat buttons
21:19:07  [Tomcat] 	Run this program from your XAMPP root directory!
21:19:07  [Tomcat] 	Problem detected: Required Tool catalina_start.bat Not Found!
21:19:07  [Tomcat] 	Problem detected: Required Tool catalina_stop.bat Not Found!
21:19:07  [Tomcat] 	Problem detected: Required Tool catalina_service.bat Not Found!
21:19:07  [main] 	Starting Check-Timer
21:19:07  [main] 	Control Panel Ready
21:19:08  [Apache] 	Attempting to start Apache app...
21:19:08  [Apache] 	Status change detected: running
21:19:10  [mysql] 	Attempting to start MySQL app...
21:19:10  [mysql] 	Status change detected: running
21:20:08  [Apache] 	Attempting to stop Apache (PID: 5880)
21:20:08  [Apache] 	Attempting to stop Apache (PID: 5208)
21:20:08  [Apache] 	Status change detected: stopped
21:20:09  [mysql] 	Attempting to stop MySQL app...
21:20:09  [mysql] 	Status change detected: stopped
21:35:42  [main] 	Deinitializing Modules
21:35:42  [main] 	Deinitializing Control Panel

21:35:44  [main] 	Initializing Control Panel
21:35:44  [main] 	Windows Version:  Home  64-bit
21:35:44  [main] 	XAMPP Version: 8.1.17
21:35:44  [main] 	Control Panel Version: 3.3.0  [ Compiled: Apr 6th 2021 ]
21:35:44  [main] 	Running with Administrator rights - good!
21:35:44  [main] 	XAMPP Installation Directory: "c:\moodle_ms\server\"
21:35:44  [main] 	Checking for prerequisites
21:35:44  [main] 	All prerequisites found
21:35:44  [main] 	Initializing Modules
21:35:44  [main] 	The FileZilla module is disabled
21:35:44  [main] 	The Mercury module is disabled
21:35:44  [Tomcat] 	Problem detected: Tomcat Not Found!
21:35:44  [Tomcat] 	Disabling Tomcat buttons
21:35:44  [Tomcat] 	Run this program from your XAMPP root directory!
21:35:44  [Tomcat] 	Problem detected: Required Tool catalina_start.bat Not Found!
21:35:44  [Tomcat] 	Problem detected: Required Tool catalina_stop.bat Not Found!
21:35:44  [Tomcat] 	Problem detected: Required Tool catalina_service.bat Not Found!
21:35:44  [main] 	Starting Check-Timer
21:35:44  [main] 	Control Panel Ready
21:35:46  [Apache] 	Attempting to start Apache app...
21:35:46  [Apache] 	Status change detected: running
21:35:46  [mysql] 	Attempting to start MySQL app...
21:35:47  [mysql] 	Status change detected: running
21:58:04  [Apache] 	Attempting to stop Apache (PID: 9536)
21:58:04  [Apache] 	Attempting to stop Apache (PID: 7376)
21:58:05  [Apache] 	Status change detected: stopped
21:58:05  [mysql] 	Attempting to stop MySQL app...
21:58:06  [mysql] 	Status change detected: stopped
21:58:09  [main] 	Deinitializing Modules
21:58:09  [main] 	Deinitializing Control Panel

06:37:54  [main] 	Initializing Control Panel
06:37:54  [main] 	Windows Version:  Home  64-bit
06:37:54  [main] 	XAMPP Version: 8.1.17
06:37:54  [main] 	Control Panel Version: 3.3.0  [ Compiled: Apr 6th 2021 ]
06:37:54  [main] 	Running with Administrator rights - good!
06:37:54  [main] 	XAMPP Installation Directory: "c:\moodle_ms\server\"
06:37:54  [main] 	Checking for prerequisites
06:37:56  [main] 	All prerequisites found
06:37:56  [main] 	Initializing Modules
06:37:56  [main] 	The FileZilla module is disabled
06:37:56  [main] 	The Mercury module is disabled
06:37:56  [Tomcat] 	Problem detected: Tomcat Not Found!
06:37:56  [Tomcat] 	Disabling Tomcat buttons
06:37:56  [Tomcat] 	Run this program from your XAMPP root directory!
06:37:56  [Tomcat] 	Problem detected: Required Tool catalina_start.bat Not Found!
06:37:56  [Tomcat] 	Problem detected: Required Tool catalina_stop.bat Not Found!
06:37:56  [Tomcat] 	Problem detected: Required Tool catalina_service.bat Not Found!
06:37:56  [main] 	Starting Check-Timer
06:37:56  [main] 	Control Panel Ready
06:37:58  [Apache] 	Attempting to start Apache app...
06:37:58  [Apache] 	Status change detected: running
06:37:58  [mysql] 	Attempting to start MySQL app...
06:37:59  [mysql] 	Status change detected: running
07:19:29  [Apache] 	Attempting to stop Apache (PID: 12616)
07:19:29  [Apache] 	Attempting to stop Apache (PID: 15332)
07:19:29  [Apache] 	Status change detected: stopped
07:19:29  [mysql] 	Attempting to stop MySQL app...
07:19:30  [mysql] 	Status change detected: stopped
07:25:35  [main] 	Deinitializing Modules
07:25:35  [main] 	Deinitializing Control Panel

07:56:01  [main] 	Initializing Control Panel
07:56:01  [main] 	Windows Version:  Home  64-bit
07:56:01  [main] 	XAMPP Version: 8.1.17
07:56:01  [main] 	Control Panel Version: 3.3.0  [ Compiled: Apr 6th 2021 ]
07:56:01  [main] 	Running with Administrator rights - good!
07:56:01  [main] 	XAMPP Installation Directory: "c:\moodle_ms\server\"
07:56:01  [main] 	Checking for prerequisites
07:56:01  [main] 	All prerequisites found
07:56:01  [main] 	Initializing Modules
07:56:01  [main] 	The FileZilla module is disabled
07:56:01  [main] 	The Mercury module is disabled
07:56:01  [Tomcat] 	Problem detected: Tomcat Not Found!
07:56:01  [Tomcat] 	Disabling Tomcat buttons
07:56:01  [Tomcat] 	Run this program from your XAMPP root directory!
07:56:01  [Tomcat] 	Problem detected: Required Tool catalina_start.bat Not Found!
07:56:01  [Tomcat] 	Problem detected: Required Tool catalina_stop.bat Not Found!
07:56:01  [Tomcat] 	Problem detected: Required Tool catalina_service.bat Not Found!
07:56:01  [main] 	Starting Check-Timer
07:56:01  [main] 	Control Panel Ready
07:56:03  [Apache] 	Attempting to start Apache app...
07:56:03  [mysql] 	Attempting to start MySQL app...
07:56:03  [Apache] 	Status change detected: running
07:56:03  [mysql] 	Status change detected: running
08:54:39  [main] 	Deinitializing Modules
08:54:39  [main] 	Deinitializing Control Panel

08:59:32  [main] 	Initializing Control Panel
08:59:32  [main] 	Windows Version:  Home  64-bit
08:59:32  [main] 	XAMPP Version: 8.1.17
08:59:32  [main] 	Control Panel Version: 3.3.0  [ Compiled: Apr 6th 2021 ]
08:59:32  [main] 	Running with Administrator rights - good!
08:59:32  [main] 	XAMPP Installation Directory: "c:\moodle_ms\server\"
08:59:32  [main] 	Checking for prerequisites
08:59:32  [main] 	All prerequisites found
08:59:32  [main] 	Initializing Modules
08:59:32  [Apache] 	XAMPP Apache is already running on port 80
08:59:32  [Apache] 	XAMPP Apache is already running on port 443
08:59:32  [mysql] 	XAMPP MySQL is already running on port 3306
08:59:32  [main] 	The FileZilla module is disabled
08:59:32  [main] 	The Mercury module is disabled
08:59:32  [Tomcat] 	Problem detected: Tomcat Not Found!
08:59:32  [Tomcat] 	Disabling Tomcat buttons
08:59:32  [Tomcat] 	Run this program from your XAMPP root directory!
08:59:32  [Tomcat] 	Problem detected: Required Tool catalina_start.bat Not Found!
08:59:32  [Tomcat] 	Problem detected: Required Tool catalina_stop.bat Not Found!
08:59:32  [Tomcat] 	Problem detected: Required Tool catalina_service.bat Not Found!
08:59:32  [main] 	Starting Check-Timer
08:59:32  [main] 	Control Panel Ready
14:29:03  [Apache] 	Attempting to stop Apache (PID: 14852)
14:29:03  [Apache] 	Attempting to stop Apache (PID: 15700)
14:29:03  [Apache] 	Status change detected: stopped
14:29:04  [Apache] 	Attempting to start Apache app...
14:29:04  [Apache] 	Status change detected: running
14:31:06  [mysql] 	Attempting to stop MySQL app...
14:31:06  [mysql] 	Status change detected: stopped
14:31:08  [mysql] 	Attempting to start MySQL app...
14:31:08  [mysql] 	Status change detected: running
16:21:21  [Apache] 	Attempting to stop Apache (PID: 15612)
16:21:21  [Apache] 	Attempting to stop Apache (PID: 13868)
16:21:21  [Apache] 	Status change detected: stopped
16:21:21  [mysql] 	Attempting to stop MySQL app...
16:21:22  [mysql] 	Status change detected: stopped
16:21:27  [main] 	Deinitializing Modules
16:21:27  [main] 	Deinitializing Control Panel

12:54:56  [main] 	Initializing Control Panel
12:54:56  [main] 	Windows Version:  Home  64-bit
12:54:56  [main] 	XAMPP Version: 8.1.17
12:54:56  [main] 	Control Panel Version: 3.3.0  [ Compiled: Apr 6th 2021 ]
12:54:56  [main] 	Running with Administrator rights - good!
12:54:56  [main] 	XAMPP Installation Directory: "c:\moodle_ms\server\"
12:54:56  [main] 	Checking for prerequisites
12:54:57  [main] 	All prerequisites found
12:54:57  [main] 	Initializing Modules
12:54:57  [main] 	The FileZilla module is disabled
12:54:57  [main] 	The Mercury module is disabled
12:54:57  [Tomcat] 	Problem detected: Tomcat Not Found!
12:54:57  [Tomcat] 	Disabling Tomcat buttons
12:54:57  [Tomcat] 	Run this program from your XAMPP root directory!
12:54:57  [Tomcat] 	Problem detected: Required Tool catalina_start.bat Not Found!
12:54:57  [Tomcat] 	Problem detected: Required Tool catalina_stop.bat Not Found!
12:54:57  [Tomcat] 	Problem detected: Required Tool catalina_service.bat Not Found!
12:54:57  [main] 	Starting Check-Timer
12:54:57  [main] 	Control Panel Ready
12:54:58  [Apache] 	Attempting to start Apache app...
12:54:59  [Apache] 	Status change detected: running
12:54:59  [mysql] 	Attempting to start MySQL app...
12:54:59  [mysql] 	Status change detected: running
20:44:12  [Apache] 	Attempting to stop Apache (PID: 7792)
20:44:12  [Apache] 	Attempting to stop Apache (PID: 7532)
20:44:12  [Apache] 	Status change detected: stopped
20:44:13  [mysql] 	Attempting to stop MySQL app...
20:44:14  [mysql] 	Status change detected: stopped
20:44:22  [main] 	Deinitializing Modules
20:44:22  [main] 	Deinitializing Control Panel

06:47:08  [main] 	Initializing Control Panel
06:47:08  [main] 	Windows Version:  Home  64-bit
06:47:08  [main] 	XAMPP Version: 8.1.17
06:47:08  [main] 	Control Panel Version: 3.3.0  [ Compiled: Apr 6th 2021 ]
06:47:08  [main] 	Running with Administrator rights - good!
06:47:08  [main] 	XAMPP Installation Directory: "c:\moodle_ms\server\"
06:47:08  [main] 	Checking for prerequisites
06:47:08  [main] 	All prerequisites found
06:47:08  [main] 	Initializing Modules
06:47:08  [main] 	The FileZilla module is disabled
06:47:08  [main] 	The Mercury module is disabled
06:47:08  [Tomcat] 	Problem detected: Tomcat Not Found!
06:47:08  [Tomcat] 	Disabling Tomcat buttons
06:47:08  [Tomcat] 	Run this program from your XAMPP root directory!
06:47:08  [Tomcat] 	Problem detected: Required Tool catalina_start.bat Not Found!
06:47:08  [Tomcat] 	Problem detected: Required Tool catalina_stop.bat Not Found!
06:47:08  [Tomcat] 	Problem detected: Required Tool catalina_service.bat Not Found!
06:47:08  [main] 	Starting Check-Timer
06:47:08  [main] 	Control Panel Ready
06:47:09  [Apache] 	Attempting to start Apache app...
06:47:10  [Apache] 	Status change detected: running
06:47:10  [mysql] 	Attempting to start MySQL app...
06:47:10  [mysql] 	Status change detected: running
17:18:15  [Apache] 	Attempting to stop Apache (PID: 8320)
17:18:15  [Apache] 	Attempting to stop Apache (PID: 7856)
17:18:15  [Apache] 	Status change detected: stopped
17:18:16  [mysql] 	Attempting to stop MySQL app...
17:18:16  [mysql] 	Status change detected: stopped
17:18:17  [Apache] 	Attempting to start Apache app...
17:18:17  [Apache] 	Status change detected: running
17:18:19  [mysql] 	Attempting to start MySQL app...
17:18:19  [mysql] 	Status change detected: running
17:22:04  [Apache] 	Attempting to stop Apache (PID: 16760)
17:22:04  [Apache] 	Attempting to stop Apache (PID: 13752)
17:22:04  [Apache] 	Status change detected: stopped
17:22:05  [mysql] 	Attempting to stop MySQL app...
17:22:05  [mysql] 	Status change detected: stopped
17:22:06  [Apache] 	Attempting to start Apache app...
17:22:06  [Apache] 	Status change detected: running
17:22:07  [mysql] 	Attempting to start MySQL app...
17:22:07  [mysql] 	Status change detected: running
17:28:17  [Apache] 	Attempting to stop Apache (PID: 4368)
17:28:17  [Apache] 	Attempting to stop Apache (PID: 13916)
17:28:17  [Apache] 	Status change detected: stopped
17:28:18  [mysql] 	Attempting to stop MySQL app...
17:28:18  [mysql] 	Status change detected: stopped
17:28:19  [Apache] 	Attempting to start Apache app...
17:28:19  [Apache] 	Status change detected: running
17:28:20  [mysql] 	Attempting to start MySQL app...
17:28:20  [mysql] 	Status change detected: running
17:33:01  [Apache] 	Attempting to stop Apache (PID: 14980)
17:33:01  [Apache] 	Attempting to stop Apache (PID: 16868)
17:33:01  [Apache] 	Status change detected: stopped
17:33:01  [mysql] 	Attempting to stop MySQL app...
17:33:01  [mysql] 	Status change detected: stopped
17:33:07  [main] 	Deinitializing Modules
17:33:07  [main] 	Deinitializing Control Panel

18:11:14  [main] 	Initializing Control Panel
18:11:14  [main] 	Windows Version:  Home  64-bit
18:11:14  [main] 	XAMPP Version: 8.1.17
18:11:14  [main] 	Control Panel Version: 3.3.0  [ Compiled: Apr 6th 2021 ]
18:11:14  [main] 	Running with Administrator rights - good!
18:11:14  [main] 	XAMPP Installation Directory: "c:\moodle_ms\server\"
18:11:14  [main] 	Checking for prerequisites
18:11:16  [main] 	All prerequisites found
18:11:16  [main] 	Initializing Modules
18:11:16  [main] 	The FileZilla module is disabled
18:11:16  [main] 	The Mercury module is disabled
18:11:16  [Tomcat] 	Problem detected: Tomcat Not Found!
18:11:16  [Tomcat] 	Disabling Tomcat buttons
18:11:16  [Tomcat] 	Run this program from your XAMPP root directory!
18:11:16  [Tomcat] 	Problem detected: Required Tool catalina_start.bat Not Found!
18:11:16  [Tomcat] 	Problem detected: Required Tool catalina_stop.bat Not Found!
18:11:16  [Tomcat] 	Problem detected: Required Tool catalina_service.bat Not Found!
18:11:16  [main] 	Starting Check-Timer
18:11:16  [main] 	Control Panel Ready
18:11:18  [Apache] 	Attempting to start Apache app...
18:11:18  [Apache] 	Status change detected: running
18:11:18  [mysql] 	Attempting to start MySQL app...
18:11:18  [mysql] 	Status change detected: running
18:19:53  [Apache] 	Attempting to stop Apache (PID: 9032)
18:19:53  [Apache] 	Attempting to stop Apache (PID: 9492)
18:19:53  [Apache] 	Status change detected: stopped
18:19:53  [mysql] 	Attempting to stop MySQL app...
18:19:54  [mysql] 	Status change detected: stopped
18:19:58  [main] 	Deinitializing Modules
18:19:58  [main] 	Deinitializing Control Panel

19:12:02  [main] 	Initializing Control Panel
19:12:02  [main] 	Windows Version:  Home  64-bit
19:12:02  [main] 	XAMPP Version: 8.1.17
19:12:02  [main] 	Control Panel Version: 3.3.0  [ Compiled: Apr 6th 2021 ]
19:12:02  [main] 	Running with Administrator rights - good!
19:12:02  [main] 	XAMPP Installation Directory: "c:\moodle_ms\server\"
19:12:02  [main] 	Checking for prerequisites
19:12:03  [main] 	All prerequisites found
19:12:03  [main] 	Initializing Modules
19:12:03  [main] 	The FileZilla module is disabled
19:12:03  [main] 	The Mercury module is disabled
19:12:03  [Tomcat] 	Problem detected: Tomcat Not Found!
19:12:03  [Tomcat] 	Disabling Tomcat buttons
19:12:03  [Tomcat] 	Run this program from your XAMPP root directory!
19:12:03  [Tomcat] 	Problem detected: Required Tool catalina_start.bat Not Found!
19:12:03  [Tomcat] 	Problem detected: Required Tool catalina_stop.bat Not Found!
19:12:03  [Tomcat] 	Problem detected: Required Tool catalina_service.bat Not Found!
19:12:03  [main] 	Starting Check-Timer
19:12:03  [main] 	Control Panel Ready
19:12:05  [mysql] 	Attempting to start MySQL app...
19:12:05  [Apache] 	Attempting to start Apache app...
19:12:05  [Apache] 	Status change detected: running
19:12:05  [mysql] 	Status change detected: running
20:59:03  [Apache] 	Attempting to stop Apache (PID: 12452)
20:59:03  [Apache] 	Attempting to stop Apache (PID: 1832)
20:59:03  [Apache] 	Status change detected: stopped
20:59:04  [mysql] 	Attempting to stop MySQL app...
20:59:04  [mysql] 	Status change detected: stopped
20:59:13  [main] 	Deinitializing Modules
20:59:13  [main] 	Deinitializing Control Panel

07:45:56  [main] 	Initializing Control Panel
07:45:56  [main] 	Windows Version:  Home  64-bit
07:45:56  [main] 	XAMPP Version: 8.1.17
07:45:56  [main] 	Control Panel Version: 3.3.0  [ Compiled: Apr 6th 2021 ]
07:45:56  [main] 	Running with Administrator rights - good!
07:45:56  [main] 	XAMPP Installation Directory: "c:\moodle_ms\server\"
07:45:56  [main] 	Checking for prerequisites
07:45:56  [main] 	All prerequisites found
07:45:56  [main] 	Initializing Modules
07:45:56  [main] 	The FileZilla module is disabled
07:45:56  [main] 	The Mercury module is disabled
07:45:56  [Tomcat] 	Problem detected: Tomcat Not Found!
07:45:56  [Tomcat] 	Disabling Tomcat buttons
07:45:56  [Tomcat] 	Run this program from your XAMPP root directory!
07:45:56  [Tomcat] 	Problem detected: Required Tool catalina_start.bat Not Found!
07:45:56  [Tomcat] 	Problem detected: Required Tool catalina_stop.bat Not Found!
07:45:56  [Tomcat] 	Problem detected: Required Tool catalina_service.bat Not Found!
07:45:56  [main] 	Starting Check-Timer
07:45:56  [main] 	Control Panel Ready
07:46:01  [Apache] 	Attempting to start Apache app...
07:46:01  [Apache] 	Status change detected: running
07:46:02  [mysql] 	Attempting to start MySQL app...
07:46:02  [mysql] 	Status change detected: running
09:24:56  [Apache] 	Attempting to stop Apache (PID: 16208)
09:24:56  [Apache] 	Attempting to stop Apache (PID: 13024)
09:24:56  [Apache] 	Status change detected: stopped
09:24:57  [mysql] 	Attempting to stop MySQL app...
09:24:57  [mysql] 	Status change detected: stopped
09:25:02  [main] 	Deinitializing Modules
09:25:02  [main] 	Deinitializing Control Panel

08:40:07  [main] 	Initializing Control Panel
08:40:07  [main] 	Windows Version:  Home  64-bit
08:40:07  [main] 	XAMPP Version: 8.1.17
08:40:07  [main] 	Control Panel Version: 3.3.0  [ Compiled: Apr 6th 2021 ]
08:40:07  [main] 	Running with Administrator rights - good!
08:40:07  [main] 	XAMPP Installation Directory: "c:\moodle_ms\server\"
08:40:07  [main] 	Checking for prerequisites
08:40:09  [main] 	All prerequisites found
08:40:09  [main] 	Initializing Modules
08:40:09  [main] 	The FileZilla module is disabled
08:40:09  [main] 	The Mercury module is disabled
08:40:09  [Tomcat] 	Problem detected: Tomcat Not Found!
08:40:09  [Tomcat] 	Disabling Tomcat buttons
08:40:09  [Tomcat] 	Run this program from your XAMPP root directory!
08:40:09  [Tomcat] 	Problem detected: Required Tool catalina_start.bat Not Found!
08:40:09  [Tomcat] 	Problem detected: Required Tool catalina_stop.bat Not Found!
08:40:09  [Tomcat] 	Problem detected: Required Tool catalina_service.bat Not Found!
08:40:09  [main] 	Starting Check-Timer
08:40:09  [main] 	Control Panel Ready
08:40:11  [Apache] 	Attempting to start Apache app...
08:40:11  [Apache] 	Status change detected: running
08:40:11  [mysql] 	Attempting to start MySQL app...
08:40:11  [mysql] 	Status change detected: running
11:37:13  [Apache] 	Attempting to stop Apache (PID: 12964)
11:37:13  [Apache] 	Attempting to stop Apache (PID: 12908)
11:37:13  [Apache] 	Status change detected: stopped
11:37:13  [mysql] 	Attempting to stop MySQL app...
11:37:14  [mysql] 	Status change detected: stopped
13:44:27  [main] 	Deinitializing Modules
13:44:27  [main] 	Deinitializing Control Panel

10:00:36  [main] 	Initializing Control Panel
10:00:36  [main] 	Windows Version:  Home  64-bit
10:00:36  [main] 	XAMPP Version: 8.1.17
10:00:36  [main] 	Control Panel Version: 3.3.0  [ Compiled: Apr 6th 2021 ]
10:00:36  [main] 	Running with Administrator rights - good!
10:00:36  [main] 	XAMPP Installation Directory: "c:\moodle_ms\server\"
10:00:36  [main] 	Checking for prerequisites
10:00:36  [main] 	All prerequisites found
10:00:36  [main] 	Initializing Modules
10:00:36  [main] 	The FileZilla module is disabled
10:00:36  [main] 	The Mercury module is disabled
10:00:36  [Tomcat] 	Problem detected: Tomcat Not Found!
10:00:36  [Tomcat] 	Disabling Tomcat buttons
10:00:36  [Tomcat] 	Run this program from your XAMPP root directory!
10:00:36  [Tomcat] 	Problem detected: Required Tool catalina_start.bat Not Found!
10:00:36  [Tomcat] 	Problem detected: Required Tool catalina_stop.bat Not Found!
10:00:36  [Tomcat] 	Problem detected: Required Tool catalina_service.bat Not Found!
10:00:36  [main] 	Starting Check-Timer
10:00:36  [main] 	Control Panel Ready
10:00:38  [Apache] 	Attempting to start Apache app...
10:00:38  [Apache] 	Status change detected: running
10:00:38  [mysql] 	Attempting to start MySQL app...
10:00:39  [mysql] 	Status change detected: running
15:29:51  [Apache] 	Attempting to stop Apache (PID: 16420)
15:29:51  [Apache] 	Attempting to stop Apache (PID: 16240)
15:29:52  [Apache] 	Status change detected: stopped
15:29:52  [mysql] 	Attempting to stop MySQL app...
15:29:52  [mysql] 	Status change detected: stopped
15:30:01  [main] 	Deinitializing Modules
15:30:01  [main] 	Deinitializing Control Panel

17:32:56  [main] 	Initializing Control Panel
17:32:56  [main] 	Windows Version:  Home  64-bit
17:32:56  [main] 	XAMPP Version: 8.1.17
17:32:56  [main] 	Control Panel Version: 3.3.0  [ Compiled: Apr 6th 2021 ]
17:32:56  [main] 	Running with Administrator rights - good!
17:32:56  [main] 	XAMPP Installation Directory: "c:\moodle_ms\server\"
17:32:56  [main] 	Checking for prerequisites
17:33:00  [main] 	All prerequisites found
17:33:00  [main] 	Initializing Modules
17:33:00  [main] 	The FileZilla module is disabled
17:33:00  [main] 	The Mercury module is disabled
17:33:00  [Tomcat] 	Problem detected: Tomcat Not Found!
17:33:00  [Tomcat] 	Disabling Tomcat buttons
17:33:00  [Tomcat] 	Run this program from your XAMPP root directory!
17:33:00  [Tomcat] 	Problem detected: Required Tool catalina_start.bat Not Found!
17:33:00  [Tomcat] 	Problem detected: Required Tool catalina_stop.bat Not Found!
17:33:00  [Tomcat] 	Problem detected: Required Tool catalina_service.bat Not Found!
17:33:00  [main] 	Starting Check-Timer
17:33:00  [main] 	Control Panel Ready
17:33:04  [Apache] 	Attempting to start Apache app...
17:33:04  [Apache] 	Status change detected: running
17:33:04  [mysql] 	Attempting to start MySQL app...
17:33:05  [mysql] 	Status change detected: running
17:42:35  [main] 	Deinitializing Modules
17:42:35  [main] 	Deinitializing Control Panel

08:11:12  [main] 	Initializing Control Panel
08:11:12  [main] 	Windows Version:  Home  64-bit
08:11:12  [main] 	XAMPP Version: 8.1.17
08:11:12  [main] 	Control Panel Version: 3.3.0  [ Compiled: Apr 6th 2021 ]
08:11:12  [main] 	Running with Administrator rights - good!
08:11:12  [main] 	XAMPP Installation Directory: "c:\moodle_ms\server\"
08:11:12  [main] 	Checking for prerequisites
08:11:14  [main] 	All prerequisites found
08:11:14  [main] 	Initializing Modules
08:11:14  [main] 	The FileZilla module is disabled
08:11:14  [main] 	The Mercury module is disabled
08:11:14  [Tomcat] 	Problem detected: Tomcat Not Found!
08:11:14  [Tomcat] 	Disabling Tomcat buttons
08:11:14  [Tomcat] 	Run this program from your XAMPP root directory!
08:11:14  [Tomcat] 	Problem detected: Required Tool catalina_start.bat Not Found!
08:11:14  [Tomcat] 	Problem detected: Required Tool catalina_stop.bat Not Found!
08:11:14  [Tomcat] 	Problem detected: Required Tool catalina_service.bat Not Found!
08:11:14  [main] 	Starting Check-Timer
08:11:14  [main] 	Control Panel Ready
08:11:17  [Apache] 	Attempting to start Apache app...
08:11:18  [Apache] 	Status change detected: running
08:11:18  [mysql] 	Attempting to start MySQL app...
08:11:18  [mysql] 	Status change detected: running
10:46:45  [mysql] 	Attempting to stop MySQL app...
10:46:45  [mysql] 	Status change detected: stopped
10:46:52  [Apache] 	Attempting to stop Apache (PID: 4412)
10:46:52  [Apache] 	Attempting to stop Apache (PID: 15772)
10:46:52  [Apache] 	Status change detected: stopped
11:30:37  [Apache] 	Attempting to start Apache app...
11:30:37  [Apache] 	Status change detected: running
11:30:38  [mysql] 	Problem detected!
11:30:38  [mysql] 	Port 3306 in use by "C:\Program Files\MySQL\MySQL Server 8.0\bin\mysqld.exe"!
11:30:38  [mysql] 	MySQL WILL NOT start without the configured ports free!
11:30:38  [mysql] 	You need to uninstall/disable/reconfigure the blocking application
11:30:38  [mysql] 	or reconfigure MySQL and the Control Panel to listen on a different port
11:30:38  [mysql] 	Attempting to start MySQL app...
11:30:38  [mysql] 	Status change detected: running
11:30:43  [mysql] 	Status change detected: stopped
11:30:43  [mysql] 	Error: MySQL shutdown unexpectedly.
11:30:43  [mysql] 	This may be due to a blocked port, missing dependencies, 
11:30:43  [mysql] 	improper privileges, a crash, or a shutdown by another method.
11:30:43  [mysql] 	Press the Logs button to view error logs and check
11:30:43  [mysql] 	the Windows Event Viewer for more clues
11:30:43  [mysql] 	If you need more help, copy and post this
11:30:43  [mysql] 	entire log window on the forums
11:30:45  [mysql] 	Problem detected!
11:30:45  [mysql] 	Port 3306 in use by "C:\Program Files\MySQL\MySQL Server 8.0\bin\mysqld.exe"!
11:30:45  [mysql] 	MySQL WILL NOT start without the configured ports free!
11:30:45  [mysql] 	You need to uninstall/disable/reconfigure the blocking application
11:30:45  [mysql] 	or reconfigure MySQL and the Control Panel to listen on a different port
11:30:45  [mysql] 	Attempting to start MySQL app...
11:30:45  [mysql] 	Status change detected: running
11:30:47  [mysql] 	Status change detected: stopped
11:30:47  [mysql] 	Error: MySQL shutdown unexpectedly.
11:30:47  [mysql] 	This may be due to a blocked port, missing dependencies, 
11:30:47  [mysql] 	improper privileges, a crash, or a shutdown by another method.
11:30:47  [mysql] 	Press the Logs button to view error logs and check
11:30:47  [mysql] 	the Windows Event Viewer for more clues
11:30:47  [mysql] 	If you need more help, copy and post this
11:30:47  [mysql] 	entire log window on the forums
11:31:40  [mysql] 	Attempting to start MySQL app...
11:31:40  [mysql] 	Status change detected: running
11:32:58  [mysql] 	Attempting to stop MySQL app...
11:32:58  [mysql] 	Status change detected: stopped
11:33:27  [Apache] 	Attempting to stop Apache (PID: 13348)
11:33:27  [Apache] 	Attempting to stop Apache (PID: 11424)
11:33:27  [Apache] 	Status change detected: stopped
12:25:03  [Apache] 	Attempting to start Apache app...
12:25:03  [Apache] 	Status change detected: running
12:25:04  [mysql] 	Attempting to start MySQL app...
12:25:04  [mysql] 	Status change detected: running
12:38:25  [mysql] 	Attempting to stop MySQL app...
12:38:26  [mysql] 	Status change detected: stopped
12:38:26  [Apache] 	Attempting to stop Apache (PID: 1824)
12:38:26  [Apache] 	Attempting to stop Apache (PID: 7312)
12:38:26  [Apache] 	Status change detected: stopped
13:02:35  [Apache] 	Attempting to start Apache app...
13:02:35  [Apache] 	Status change detected: running
13:02:35  [mysql] 	Attempting to start MySQL app...
13:02:36  [mysql] 	Status change detected: running
13:05:47  [mysql] 	Attempting to stop MySQL app...
13:05:47  [mysql] 	Status change detected: stopped
13:05:48  [Apache] 	Attempting to stop Apache (PID: 13540)
13:05:48  [Apache] 	Attempting to stop Apache (PID: 16896)
13:05:48  [Apache] 	Status change detected: stopped
13:39:50  [Apache] 	Attempting to start Apache app...
13:39:51  [Apache] 	Status change detected: running
13:39:51  [mysql] 	Attempting to start MySQL app...
13:39:51  [mysql] 	Status change detected: running
13:39:53  [Apache] 	Attempting to stop Apache (PID: 11912)
13:39:53  [Apache] 	Attempting to stop Apache (PID: 13320)
13:39:53  [Apache] 	Status change detected: stopped
13:39:53  [mysql] 	Attempting to stop MySQL app...
13:39:53  [mysql] 	Status change detected: stopped
13:40:13  [Apache] 	Attempting to start Apache app...
13:40:13  [Apache] 	Status change detected: running
13:40:13  [mysql] 	Attempting to start MySQL app...
13:40:13  [mysql] 	Status change detected: running
13:44:13  [Apache] 	Attempting to stop Apache (PID: 13380)
13:44:13  [Apache] 	Attempting to stop Apache (PID: 6528)
13:44:14  [Apache] 	Status change detected: stopped
13:44:14  [mysql] 	Attempting to stop MySQL app...
13:44:14  [mysql] 	Status change detected: stopped
13:57:07  [main] 	Deinitializing Modules
13:57:07  [main] 	Deinitializing Control Panel

16:29:07  [main] 	Initializing Control Panel
16:29:07  [main] 	Windows Version:  Home  64-bit
16:29:07  [main] 	XAMPP Version: 8.1.17
16:29:07  [main] 	Control Panel Version: 3.3.0  [ Compiled: Apr 6th 2021 ]
16:29:07  [main] 	Running with Administrator rights - good!
16:29:07  [main] 	XAMPP Installation Directory: "c:\moodle_ms\server\"
16:29:07  [main] 	Checking for prerequisites
16:29:08  [main] 	All prerequisites found
16:29:08  [main] 	Initializing Modules
16:29:08  [main] 	The FileZilla module is disabled
16:29:08  [main] 	The Mercury module is disabled
16:29:08  [Tomcat] 	Problem detected: Tomcat Not Found!
16:29:08  [Tomcat] 	Disabling Tomcat buttons
16:29:08  [Tomcat] 	Run this program from your XAMPP root directory!
16:29:08  [Tomcat] 	Problem detected: Required Tool catalina_start.bat Not Found!
16:29:08  [Tomcat] 	Problem detected: Required Tool catalina_stop.bat Not Found!
16:29:08  [Tomcat] 	Problem detected: Required Tool catalina_service.bat Not Found!
16:29:08  [main] 	Starting Check-Timer
16:29:08  [main] 	Control Panel Ready
16:30:32  [Apache] 	Attempting to start Apache app...
16:30:32  [Apache] 	Status change detected: running
16:30:33  [mysql] 	Attempting to start MySQL app...
16:30:33  [mysql] 	Status change detected: running
18:41:49  [Apache] 	Attempting to stop Apache (PID: 3972)
18:41:49  [Apache] 	Attempting to stop Apache (PID: 1888)
18:41:49  [Apache] 	Status change detected: stopped
18:41:50  [mysql] 	Attempting to stop MySQL app...
18:41:50  [mysql] 	Status change detected: stopped
19:11:59  [main] 	Deinitializing Modules
19:11:59  [main] 	Deinitializing Control Panel

09:55:40  [main] 	Initializing Control Panel
09:55:40  [main] 	Windows Version:  Home  64-bit
09:55:40  [main] 	XAMPP Version: 8.1.17
09:55:40  [main] 	Control Panel Version: 3.3.0  [ Compiled: Apr 6th 2021 ]
09:55:40  [main] 	Running with Administrator rights - good!
09:55:40  [main] 	XAMPP Installation Directory: "c:\moodle_ms\server\"
09:55:40  [main] 	Checking for prerequisites
09:55:40  [main] 	All prerequisites found
09:55:40  [main] 	Initializing Modules
09:55:40  [main] 	The FileZilla module is disabled
09:55:40  [main] 	The Mercury module is disabled
09:55:40  [Tomcat] 	Problem detected: Tomcat Not Found!
09:55:40  [Tomcat] 	Disabling Tomcat buttons
09:55:40  [Tomcat] 	Run this program from your XAMPP root directory!
09:55:40  [Tomcat] 	Problem detected: Required Tool catalina_start.bat Not Found!
09:55:40  [Tomcat] 	Problem detected: Required Tool catalina_stop.bat Not Found!
09:55:40  [Tomcat] 	Problem detected: Required Tool catalina_service.bat Not Found!
09:55:40  [main] 	Starting Check-Timer
09:55:40  [main] 	Control Panel Ready
09:55:42  [Apache] 	Attempting to start Apache app...
09:55:42  [mysql] 	Attempting to start MySQL app...
09:55:43  [Apache] 	Status change detected: running
09:55:43  [mysql] 	Status change detected: running
16:46:08  [Apache] 	Attempting to stop Apache (PID: 2972)
16:46:08  [Apache] 	Attempting to stop Apache (PID: 16276)
16:46:08  [Apache] 	Status change detected: stopped
16:46:10  [mysql] 	Attempting to stop MySQL app...
16:46:10  [mysql] 	Status change detected: stopped
16:46:57  [main] 	Deinitializing Modules
16:46:57  [main] 	Deinitializing Control Panel

19:43:03  [main] 	Initializing Control Panel
19:43:03  [main] 	Windows Version:  Home  64-bit
19:43:03  [main] 	XAMPP Version: 8.1.17
19:43:03  [main] 	Control Panel Version: 3.3.0  [ Compiled: Apr 6th 2021 ]
19:43:03  [main] 	Running with Administrator rights - good!
19:43:03  [main] 	XAMPP Installation Directory: "c:\moodle_ms\server\"
19:43:03  [main] 	Checking for prerequisites
19:43:05  [main] 	All prerequisites found
19:43:05  [main] 	Initializing Modules
19:43:05  [main] 	The FileZilla module is disabled
19:43:05  [main] 	The Mercury module is disabled
19:43:05  [Tomcat] 	Problem detected: Tomcat Not Found!
19:43:05  [Tomcat] 	Disabling Tomcat buttons
19:43:05  [Tomcat] 	Run this program from your XAMPP root directory!
19:43:05  [Tomcat] 	Problem detected: Required Tool catalina_start.bat Not Found!
19:43:05  [Tomcat] 	Problem detected: Required Tool catalina_stop.bat Not Found!
19:43:05  [Tomcat] 	Problem detected: Required Tool catalina_service.bat Not Found!
19:43:05  [main] 	Starting Check-Timer
19:43:05  [main] 	Control Panel Ready
19:43:08  [Apache] 	Attempting to start Apache app...
19:43:08  [mysql] 	Attempting to start MySQL app...
19:43:09  [Apache] 	Status change detected: running
19:43:09  [mysql] 	Status change detected: running
19:48:26  [Apache] 	Attempting to stop Apache (PID: 496)
19:48:26  [Apache] 	Attempting to stop Apache (PID: 9560)
19:48:26  [Apache] 	Status change detected: stopped
19:48:27  [mysql] 	Attempting to stop MySQL app...
19:48:27  [mysql] 	Status change detected: stopped
19:48:29  [Apache] 	Attempting to start Apache app...
19:48:29  [Apache] 	Status change detected: running
19:48:30  [mysql] 	Attempting to start MySQL app...
19:48:31  [mysql] 	Status change detected: running
19:48:45  [Apache] 	Attempting to stop Apache (PID: 1488)
19:48:45  [Apache] 	Attempting to stop Apache (PID: 1864)
19:48:45  [Apache] 	Status change detected: stopped
19:48:45  [mysql] 	Attempting to stop MySQL app...
19:48:45  [mysql] 	Status change detected: stopped
19:50:54  [main] 	Deinitializing Modules
19:50:54  [main] 	Deinitializing Control Panel

08:10:13  [main] 	Initializing Control Panel
08:10:13  [main] 	Windows Version:  Home  64-bit
08:10:13  [main] 	XAMPP Version: 8.1.17
08:10:13  [main] 	Control Panel Version: 3.3.0  [ Compiled: Apr 6th 2021 ]
08:10:13  [main] 	Running with Administrator rights - good!
08:10:13  [main] 	XAMPP Installation Directory: "c:\moodle_ms\server\"
08:10:13  [main] 	Checking for prerequisites
08:10:15  [main] 	All prerequisites found
08:10:15  [main] 	Initializing Modules
08:10:15  [main] 	The FileZilla module is disabled
08:10:15  [main] 	The Mercury module is disabled
08:10:15  [Tomcat] 	Problem detected: Tomcat Not Found!
08:10:15  [Tomcat] 	Disabling Tomcat buttons
08:10:15  [Tomcat] 	Run this program from your XAMPP root directory!
08:10:15  [Tomcat] 	Problem detected: Required Tool catalina_start.bat Not Found!
08:10:15  [Tomcat] 	Problem detected: Required Tool catalina_stop.bat Not Found!
08:10:15  [Tomcat] 	Problem detected: Required Tool catalina_service.bat Not Found!
08:10:15  [main] 	Starting Check-Timer
08:10:15  [main] 	Control Panel Ready
08:10:17  [Apache] 	Attempting to start Apache app...
08:10:17  [Apache] 	Status change detected: running
08:10:17  [mysql] 	Attempting to start MySQL app...
08:10:18  [mysql] 	Status change detected: running
12:34:26  [Apache] 	Attempting to stop Apache (PID: 14748)
12:34:26  [Apache] 	Attempting to stop Apache (PID: 15436)
12:34:27  [Apache] 	Status change detected: stopped
12:34:27  [mysql] 	Attempting to stop MySQL app...
12:34:27  [mysql] 	Status change detected: stopped
12:55:26  [main] 	Deinitializing Modules
12:55:26  [main] 	Deinitializing Control Panel

11:02:38  [main] 	Initializing Control Panel
11:02:38  [main] 	Windows Version:  Home  64-bit
11:02:38  [main] 	XAMPP Version: 8.1.17
11:02:38  [main] 	Control Panel Version: 3.3.0  [ Compiled: Apr 6th 2021 ]
11:02:38  [main] 	Running with Administrator rights - good!
11:02:38  [main] 	XAMPP Installation Directory: "c:\moodle_ms\server\"
11:02:38  [main] 	Checking for prerequisites
11:02:40  [main] 	All prerequisites found
11:02:40  [main] 	Initializing Modules
11:02:40  [main] 	The FileZilla module is disabled
11:02:40  [main] 	The Mercury module is disabled
11:02:40  [Tomcat] 	Problem detected: Tomcat Not Found!
11:02:40  [Tomcat] 	Disabling Tomcat buttons
11:02:40  [Tomcat] 	Run this program from your XAMPP root directory!
11:02:40  [Tomcat] 	Problem detected: Required Tool catalina_start.bat Not Found!
11:02:40  [Tomcat] 	Problem detected: Required Tool catalina_stop.bat Not Found!
11:02:40  [Tomcat] 	Problem detected: Required Tool catalina_service.bat Not Found!
11:02:40  [main] 	Starting Check-Timer
11:02:40  [main] 	Control Panel Ready
11:02:42  [Apache] 	Attempting to start Apache app...
11:02:42  [Apache] 	Status change detected: running
11:02:42  [mysql] 	Attempting to start MySQL app...
11:02:43  [mysql] 	Status change detected: running
08:22:09  [Apache] 	Attempting to stop Apache (PID: 3620)
08:22:09  [Apache] 	Attempting to stop Apache (PID: 15052)
08:22:09  [Apache] 	Status change detected: stopped
08:22:09  [mysql] 	Attempting to stop MySQL app...
08:22:10  [mysql] 	Status change detected: stopped
08:22:16  [main] 	Deinitializing Modules
08:22:16  [main] 	Deinitializing Control Panel

07:34:57  [main] 	Initializing Control Panel
07:34:57  [main] 	Windows Version:  Home  64-bit
07:34:57  [main] 	XAMPP Version: 8.1.17
07:34:57  [main] 	Control Panel Version: 3.3.0  [ Compiled: Apr 6th 2021 ]
07:34:57  [main] 	Running with Administrator rights - good!
07:34:57  [main] 	XAMPP Installation Directory: "c:\moodle_ms\server\"
07:34:57  [main] 	Checking for prerequisites
07:34:59  [main] 	All prerequisites found
07:34:59  [main] 	Initializing Modules
07:34:59  [main] 	The FileZilla module is disabled
07:34:59  [main] 	The Mercury module is disabled
07:34:59  [Tomcat] 	Problem detected: Tomcat Not Found!
07:34:59  [Tomcat] 	Disabling Tomcat buttons
07:34:59  [Tomcat] 	Run this program from your XAMPP root directory!
07:34:59  [Tomcat] 	Problem detected: Required Tool catalina_start.bat Not Found!
07:34:59  [Tomcat] 	Problem detected: Required Tool catalina_stop.bat Not Found!
07:34:59  [Tomcat] 	Problem detected: Required Tool catalina_service.bat Not Found!
07:34:59  [main] 	Starting Check-Timer
07:34:59  [main] 	Control Panel Ready
07:35:00  [Apache] 	Attempting to start Apache app...
07:35:01  [mysql] 	Attempting to start MySQL app...
07:35:01  [Apache] 	Status change detected: running
07:35:01  [mysql] 	Status change detected: running
19:57:14  [mysql] 	Attempting to stop MySQL app...
19:57:14  [mysql] 	Status change detected: stopped
19:57:15  [Apache] 	Attempting to stop Apache (PID: 15552)
19:57:15  [Apache] 	Attempting to stop Apache (PID: 15584)
19:57:15  [Apache] 	Status change detected: stopped
19:57:21  [main] 	Deinitializing Modules
19:57:21  [main] 	Deinitializing Control Panel

09:19:58  [main] 	Initializing Control Panel
09:19:58  [main] 	Windows Version:  Home  64-bit
09:19:58  [main] 	XAMPP Version: 8.1.17
09:19:58  [main] 	Control Panel Version: 3.3.0  [ Compiled: Apr 6th 2021 ]
09:19:58  [main] 	Running with Administrator rights - good!
09:19:58  [main] 	XAMPP Installation Directory: "c:\moodle_ms\server\"
09:19:58  [main] 	Checking for prerequisites
09:20:00  [main] 	All prerequisites found
09:20:00  [main] 	Initializing Modules
09:20:00  [main] 	The FileZilla module is disabled
09:20:00  [main] 	The Mercury module is disabled
09:20:00  [Tomcat] 	Problem detected: Tomcat Not Found!
09:20:00  [Tomcat] 	Disabling Tomcat buttons
09:20:00  [Tomcat] 	Run this program from your XAMPP root directory!
09:20:00  [Tomcat] 	Problem detected: Required Tool catalina_start.bat Not Found!
09:20:00  [Tomcat] 	Problem detected: Required Tool catalina_stop.bat Not Found!
09:20:00  [Tomcat] 	Problem detected: Required Tool catalina_service.bat Not Found!
09:20:00  [main] 	Starting Check-Timer
09:20:00  [main] 	Control Panel Ready
09:20:01  [Apache] 	Attempting to start Apache app...
09:20:01  [Apache] 	Status change detected: running
09:20:01  [mysql] 	Attempting to start MySQL app...
09:20:02  [mysql] 	Status change detected: running
11:01:29  [Apache] 	Attempting to stop Apache (PID: 15960)
11:01:29  [Apache] 	Attempting to stop Apache (PID: 13448)
11:01:29  [Apache] 	Status change detected: stopped
11:01:30  [mysql] 	Attempting to stop MySQL app...
11:01:30  [mysql] 	Status change detected: stopped
06:37:03  [Apache] 	Attempting to start Apache app...
06:37:03  [Apache] 	Status change detected: running
06:37:04  [mysql] 	Attempting to start MySQL app...
06:37:04  [mysql] 	Status change detected: running
11:04:12  [Apache] 	Attempting to stop Apache (PID: 14832)
11:04:12  [Apache] 	Attempting to stop Apache (PID: 18108)
11:04:13  [Apache] 	Status change detected: stopped
11:04:13  [mysql] 	Attempting to stop MySQL app...
11:04:13  [mysql] 	Status change detected: stopped
11:08:47  [main] 	Deinitializing Modules
11:08:47  [main] 	Deinitializing Control Panel

11:22:03  [main] 	Initializing Control Panel
11:22:03  [main] 	Windows Version:  Home  64-bit
11:22:03  [main] 	XAMPP Version: 8.1.17
11:22:03  [main] 	Control Panel Version: 3.3.0  [ Compiled: Apr 6th 2021 ]
11:22:03  [main] 	Running with Administrator rights - good!
11:22:03  [main] 	XAMPP Installation Directory: "c:\moodle_ms\server\"
11:22:03  [main] 	Checking for prerequisites
11:22:04  [main] 	All prerequisites found
11:22:04  [main] 	Initializing Modules
11:22:04  [main] 	The FileZilla module is disabled
11:22:04  [main] 	The Mercury module is disabled
11:22:04  [Tomcat] 	Problem detected: Tomcat Not Found!
11:22:04  [Tomcat] 	Disabling Tomcat buttons
11:22:04  [Tomcat] 	Run this program from your XAMPP root directory!
11:22:04  [Tomcat] 	Problem detected: Required Tool catalina_start.bat Not Found!
11:22:04  [Tomcat] 	Problem detected: Required Tool catalina_stop.bat Not Found!
11:22:04  [Tomcat] 	Problem detected: Required Tool catalina_service.bat Not Found!
11:22:04  [main] 	Starting Check-Timer
11:22:04  [main] 	Control Panel Ready
11:22:06  [Apache] 	Attempting to start Apache app...
11:22:06  [Apache] 	Status change detected: running
11:22:06  [mysql] 	Attempting to start MySQL app...
11:22:07  [mysql] 	Status change detected: running
11:25:23  [Apache] 	Attempting to stop Apache (PID: 1852)
11:25:23  [Apache] 	Attempting to stop Apache (PID: 11836)
11:25:24  [Apache] 	Status change detected: stopped
11:25:24  [mysql] 	Attempting to stop MySQL app...
11:25:24  [mysql] 	Status change detected: stopped
11:25:42  [main] 	Deinitializing Modules
11:25:42  [main] 	Deinitializing Control Panel

08:04:10  [main] 	Initializing Control Panel
08:04:10  [main] 	Windows Version:  Home  64-bit
08:04:10  [main] 	XAMPP Version: 8.1.17
08:04:10  [main] 	Control Panel Version: 3.3.0  [ Compiled: Apr 6th 2021 ]
08:04:10  [main] 	Running with Administrator rights - good!
08:04:10  [main] 	XAMPP Installation Directory: "c:\moodle_ms\server\"
08:04:10  [main] 	Checking for prerequisites
08:04:10  [main] 	All prerequisites found
08:04:10  [main] 	Initializing Modules
08:04:10  [main] 	The FileZilla module is disabled
08:04:10  [main] 	The Mercury module is disabled
08:04:10  [Tomcat] 	Problem detected: Tomcat Not Found!
08:04:10  [Tomcat] 	Disabling Tomcat buttons
08:04:10  [Tomcat] 	Run this program from your XAMPP root directory!
08:04:10  [Tomcat] 	Problem detected: Required Tool catalina_start.bat Not Found!
08:04:10  [Tomcat] 	Problem detected: Required Tool catalina_stop.bat Not Found!
08:04:10  [Tomcat] 	Problem detected: Required Tool catalina_service.bat Not Found!
08:04:10  [main] 	Starting Check-Timer
08:04:10  [main] 	Control Panel Ready
08:04:15  [Apache] 	Attempting to start Apache app...
08:04:16  [Apache] 	Status change detected: running
08:04:16  [mysql] 	Attempting to start MySQL app...
08:04:16  [mysql] 	Status change detected: running
19:57:42  [Apache] 	Attempting to stop Apache (PID: 7940)
19:57:42  [Apache] 	Attempting to stop Apache (PID: 3044)
19:57:42  [Apache] 	Status change detected: stopped
19:57:42  [mysql] 	Attempting to stop MySQL app...
19:57:42  [mysql] 	Status change detected: stopped
08:30:37  [Apache] 	Attempting to start Apache app...
08:30:37  [Apache] 	Status change detected: running
08:30:38  [mysql] 	Attempting to start MySQL app...
08:30:38  [mysql] 	Status change detected: running
12:06:14  [Apache] 	Attempting to stop Apache (PID: 7548)
12:06:14  [Apache] 	Attempting to stop Apache (PID: 22268)
12:06:14  [Apache] 	Status change detected: stopped
12:06:15  [mysql] 	Attempting to stop MySQL app...
12:06:15  [mysql] 	Status change detected: stopped
12:06:31  [main] 	Deinitializing Modules
12:06:31  [main] 	Deinitializing Control Panel

12:20:06  [main] 	Initializing Control Panel
12:20:06  [main] 	Windows Version:  Home  64-bit
12:20:06  [main] 	XAMPP Version: 8.1.17
12:20:06  [main] 	Control Panel Version: 3.3.0  [ Compiled: Apr 6th 2021 ]
12:20:06  [main] 	Running with Administrator rights - good!
12:20:06  [main] 	XAMPP Installation Directory: "c:\moodle_ms\server\"
12:20:06  [main] 	Checking for prerequisites
12:20:07  [main] 	All prerequisites found
12:20:07  [main] 	Initializing Modules
12:20:07  [main] 	The FileZilla module is disabled
12:20:07  [main] 	The Mercury module is disabled
12:20:07  [Tomcat] 	Problem detected: Tomcat Not Found!
12:20:07  [Tomcat] 	Disabling Tomcat buttons
12:20:07  [Tomcat] 	Run this program from your XAMPP root directory!
12:20:07  [Tomcat] 	Problem detected: Required Tool catalina_start.bat Not Found!
12:20:07  [Tomcat] 	Problem detected: Required Tool catalina_stop.bat Not Found!
12:20:07  [Tomcat] 	Problem detected: Required Tool catalina_service.bat Not Found!
12:20:07  [main] 	Starting Check-Timer
12:20:07  [main] 	Control Panel Ready
12:20:10  [Apache] 	Attempting to start Apache app...
12:20:10  [Apache] 	Status change detected: running
12:20:10  [mysql] 	Attempting to start MySQL app...
12:20:11  [mysql] 	Status change detected: running
12:32:02  [Apache] 	Attempting to stop Apache (PID: 6792)
12:32:02  [Apache] 	Attempting to stop Apache (PID: 8512)
12:32:02  [mysql] 	Attempting to stop MySQL app...
12:32:02  [Apache] 	Status change detected: stopped
12:32:02  [mysql] 	Status change detected: stopped
12:33:59  [main] 	Deinitializing Modules
12:33:59  [main] 	Deinitializing Control Panel

12:36:05  [main] 	Initializing Control Panel
12:36:05  [main] 	Windows Version:  Home  64-bit
12:36:05  [main] 	XAMPP Version: 8.1.17
12:36:05  [main] 	Control Panel Version: 3.3.0  [ Compiled: Apr 6th 2021 ]
12:36:05  [main] 	You are not running with administrator rights! This will work for
12:36:05  [main] 	most application stuff but whenever you do something with services
12:36:05  [main] 	there will be a security dialogue or things will break! So think 
12:36:05  [main] 	about running this application with administrator rights!
12:36:05  [main] 	XAMPP Installation Directory: "c:\moodle_ms\server\"
12:36:05  [main] 	Checking for prerequisites
12:36:05  [main] 	All prerequisites found
12:36:05  [main] 	Initializing Modules
12:36:05  [main] 	The FileZilla module is disabled
12:36:05  [main] 	The Mercury module is disabled
12:36:05  [Tomcat] 	Problem detected: Tomcat Not Found!
12:36:05  [Tomcat] 	Disabling Tomcat buttons
12:36:05  [Tomcat] 	Run this program from your XAMPP root directory!
12:36:05  [Tomcat] 	Problem detected: Required Tool catalina_start.bat Not Found!
12:36:05  [Tomcat] 	Problem detected: Required Tool catalina_stop.bat Not Found!
12:36:05  [Tomcat] 	Problem detected: Required Tool catalina_service.bat Not Found!
12:36:05  [main] 	Starting Check-Timer
12:36:05  [main] 	Control Panel Ready
12:36:06  [Apache] 	Attempting to start Apache app...
12:36:06  [Apache] 	Status change detected: running
12:36:07  [mysql] 	Attempting to start MySQL app...
12:36:07  [mysql] 	Status change detected: running
12:36:28  [Apache] 	Attempting to stop Apache (PID: 3616)
12:36:28  [Apache] 	Attempting to stop Apache (PID: 6748)
12:36:28  [Apache] 	Status change detected: stopped
12:36:28  [mysql] 	Attempting to stop MySQL app...
12:36:29  [mysql] 	Status change detected: stopped
12:36:40  [main] 	Deinitializing Modules
12:36:40  [main] 	Deinitializing Control Panel

